<?xml version="1.0" ?>
<!DOCTYPE coverage SYSTEM "http://cobertura.sourceforge.net/xml/coverage-04.dtd">
<coverage lines-valid="745" lines-covered="578" line-rate="0.7757999999999999" branches-valid="721" branches-covered="425" branch-rate="0.5893999999999999" timestamp="1772579399052" complexity="0" version="0.1">
  <sources>
    <source>/Users/barung/ROUTED-gitlab/Routed/frontend</source>
  </sources>
  <packages>
    <package name="src" line-rate="1" branch-rate="1">
      <classes>
        <class name="App.css" filename="src/App.css" line-rate="0" branch-rate="0">
          <methods>
          </methods>
          <lines>
          </lines>
        </class>
        <class name="App.tsx" filename="src/App.tsx" line-rate="1" branch-rate="1">
          <methods>
            <method name="(anonymous_0)" hits="3" signature="()V">
              <lines>
                <line number="15" hits="3"/>
              </lines>
            </method>
          </methods>
          <lines>
            <line number="15" hits="1" branch="false"/>
            <line number="16" hits="3" branch="false"/>
          </lines>
        </class>
      </classes>
    </package>
    <package name="src.api" line-rate="1" branch-rate="0.8332999999999999">
      <classes>
        <class name="client.ts" filename="src/api/client.ts" line-rate="1" branch-rate="0.8332999999999999">
          <methods>
            <method name="(anonymous_0)" hits="2" signature="()V">
              <lines>
                <line number="10" hits="2"/>
              </lines>
            </method>
          </methods>
          <lines>
            <line number="3" hits="1" branch="true" condition-coverage="50% (1/2)"/>
            <line number="5" hits="1" branch="false"/>
            <line number="10" hits="1" branch="false"/>
            <line number="11" hits="2" branch="false"/>
            <line number="12" hits="2" branch="true" condition-coverage="100% (4/4)"/>
            <line number="13" hits="2" branch="false"/>
          </lines>
        </class>
      </classes>
    </package>
    <package name="src.assets" line-rate="1" branch-rate="1">
      <classes>
        <class name="CDM.png" filename="src/assets/CDM.png" line-rate="0" branch-rate="0">
          <methods>
          </methods>
          <lines>
          </lines>
        </class>
        <class name="SCP.png" filename="src/assets/SCP.png" line-rate="0" branch-rate="0">
          <methods>
          </methods>
          <lines>
          </lines>
        </class>
        <class name="SIM.png" filename="src/assets/SIM.png" line-rate="0" branch-rate="0">
          <methods>
          </methods>
          <lines>
          </lines>
        </class>
        <class name="TCP.png" filename="src/assets/TCP.png" line-rate="0" branch-rate="0">
          <methods>
          </methods>
          <lines>
          </lines>
        </class>
        <class name="logo.png" filename="src/assets/logo.png" line-rate="0" branch-rate="0">
          <methods>
          </methods>
          <lines>
          </lines>
        </class>
      </classes>
    </package>
    <package name="src.components" line-rate="0.6666" branch-rate="0.3333">
      <classes>
        <class name="Header.tsx" filename="src/components/Header.tsx" line-rate="1" branch-rate="1">
          <methods>
            <method name="(anonymous_0)" hits="14" signature="()V">
              <lines>
                <line number="5" hits="14"/>
              </lines>
            </method>
          </methods>
          <lines>
            <line number="5" hits="3" branch="false"/>
            <line number="6" hits="14" branch="false"/>
          </lines>
        </class>
        <class name="Landing.tsx" filename="src/components/Landing.tsx" line-rate="0.55" branch-rate="0.2">
          <methods>
            <method name="(anonymous_0)" hits="8" signature="()V">
              <lines>
                <line number="11" hits="8"/>
              </lines>
            </method>
            <method name="(anonymous_1)" hits="0" signature="()V">
              <lines>
                <line number="38" hits="0"/>
              </lines>
            </method>
            <method name="(anonymous_2)" hits="0" signature="()V">
              <lines>
                <line number="39" hits="0"/>
              </lines>
            </method>
            <method name="(anonymous_3)" hits="0" signature="()V">
              <lines>
                <line number="42" hits="0"/>
              </lines>
            </method>
            <method name="(anonymous_4)" hits="0" signature="()V">
              <lines>
                <line number="43" hits="0"/>
              </lines>
            </method>
            <method name="(anonymous_5)" hits="0" signature="()V">
              <lines>
                <line number="46" hits="0"/>
              </lines>
            </method>
            <method name="(anonymous_6)" hits="0" signature="()V">
              <lines>
                <line number="50" hits="0"/>
              </lines>
            </method>
            <method name="(anonymous_7)" hits="32" signature="()V">
              <lines>
                <line number="134" hits="32"/>
              </lines>
            </method>
            <method name="(anonymous_8)" hits="0" signature="()V">
              <lines>
                <line number="137" hits="0"/>
              </lines>
            </method>
            <method name="FeatureCard" hits="8" signature="()V">
              <lines>
                <line number="156" hits="8"/>
              </lines>
            </method>
          </methods>
          <lines>
            <line number="11" hits="2" branch="false"/>
            <line number="12" hits="8" branch="false"/>
            <line number="13" hits="8" branch="false"/>
            <line number="15" hits="8" branch="false"/>
            <line number="38" hits="8" branch="false"/>
            <line number="39" hits="0" branch="true" condition-coverage="0% (0/2)"/>
            <line number="42" hits="8" branch="false"/>
            <line number="43" hits="0" branch="true" condition-coverage="0% (0/2)"/>
            <line number="46" hits="8" branch="false"/>
            <line number="47" hits="0" branch="false"/>
            <line number="50" hits="8" branch="false"/>
            <line number="51" hits="0" branch="false"/>
            <line number="52" hits="0" branch="true" condition-coverage="0% (0/2)"/>
            <line number="53" hits="0" branch="false"/>
            <line number="54" hits="0" branch="true" condition-coverage="0% (0/2)"/>
            <line number="55" hits="0" branch="false"/>
            <line number="59" hits="8" branch="false"/>
            <line number="135" hits="32" branch="false"/>
            <line number="137" hits="0" branch="false"/>
            <line number="157" hits="8" branch="false"/>
          </lines>
        </class>
        <class name="Sidebar.tsx" filename="src/components/Sidebar.tsx" line-rate="1" branch-rate="1">
          <methods>
            <method name="(anonymous_0)" hits="8" signature="()V">
              <lines>
                <line number="4" hits="8"/>
              </lines>
            </method>
            <method name="(anonymous_1)" hits="40" signature="()V">
              <lines>
                <line number="7" hits="40"/>
              </lines>
            </method>
          </methods>
          <lines>
            <line number="4" hits="2" branch="false"/>
            <line number="5" hits="8" branch="false"/>
            <line number="7" hits="8" branch="false"/>
            <line number="8" hits="40" branch="true" condition-coverage="100% (2/2)"/>
            <line number="13" hits="8" branch="false"/>
          </lines>
        </class>
        <class name="landing.css" filename="src/components/landing.css" line-rate="0" branch-rate="0">
          <methods>
          </methods>
          <lines>
          </lines>
        </class>
      </classes>
    </package>
    <package name="src.pages" line-rate="0.7774" branch-rate="0.5917">
      <classes>
        <class name="Dashboard.tsx" filename="src/pages/Dashboard.tsx" line-rate="0.7406999999999999" branch-rate="0.5593">
          <methods>
            <method name="(anonymous_0)" hits="258" signature="()V">
              <lines>
                <line number="93" hits="258"/>
              </lines>
            </method>
            <method name="(anonymous_1)" hits="86" signature="()V">
              <lines>
                <line number="99" hits="86"/>
              </lines>
            </method>
            <method name="(anonymous_2)" hits="86" signature="()V">
              <lines>
                <line number="107" hits="86"/>
              </lines>
            </method>
            <method name="(anonymous_3)" hits="42" signature="()V">
              <lines>
                <line number="133" hits="42"/>
              </lines>
            </method>
            <method name="(anonymous_4)" hits="42" signature="()V">
              <lines>
                <line number="137" hits="42"/>
              </lines>
            </method>
            <method name="(anonymous_5)" hits="17" signature="()V">
              <lines>
                <line number="140" hits="17"/>
              </lines>
            </method>
            <method name="(anonymous_6)" hits="5" signature="()V">
              <lines>
                <line number="146" hits="5"/>
              </lines>
            </method>
            <method name="(anonymous_7)" hits="0" signature="()V">
              <lines>
                <line number="152" hits="0"/>
              </lines>
            </method>
            <method name="(anonymous_8)" hits="4" signature="()V">
              <lines>
                <line number="157" hits="4"/>
              </lines>
            </method>
            <method name="(anonymous_9)" hits="22" signature="()V">
              <lines>
                <line number="207" hits="22"/>
              </lines>
            </method>
            <method name="(anonymous_10)" hits="1" signature="()V">
              <lines>
                <line number="212" hits="1"/>
              </lines>
            </method>
            <method name="(anonymous_11)" hits="1" signature="()V">
              <lines>
                <line number="224" hits="1"/>
              </lines>
            </method>
            <method name="(anonymous_12)" hits="1" signature="()V">
              <lines>
                <line number="224" hits="1"/>
              </lines>
            </method>
            <method name="(anonymous_13)" hits="2" signature="()V">
              <lines>
                <line number="228" hits="2"/>
              </lines>
            </method>
            <method name="(anonymous_14)" hits="1" signature="()V">
              <lines>
                <line number="259" hits="1"/>
              </lines>
            </method>
            <method name="(anonymous_15)" hits="1" signature="()V">
              <lines>
                <line number="263" hits="1"/>
              </lines>
            </method>
            <method name="(anonymous_16)" hits="1" signature="()V">
              <lines>
                <line number="263" hits="1"/>
              </lines>
            </method>
            <method name="(anonymous_17)" hits="2" signature="()V">
              <lines>
                <line number="266" hits="2"/>
              </lines>
            </method>
            <method name="(anonymous_18)" hits="24" signature="()V">
              <lines>
                <line number="293" hits="24"/>
              </lines>
            </method>
            <method name="(anonymous_19)" hits="7" signature="()V">
              <lines>
                <line number="297" hits="7"/>
              </lines>
            </method>
            <method name="(anonymous_20)" hits="7" signature="()V">
              <lines>
                <line number="298" hits="7"/>
              </lines>
            </method>
            <method name="(anonymous_21)" hits="7" signature="()V">
              <lines>
                <line number="301" hits="7"/>
              </lines>
            </method>
            <method name="(anonymous_22)" hits="7" signature="()V">
              <lines>
                <line number="302" hits="7"/>
              </lines>
            </method>
            <method name="(anonymous_23)" hits="22" signature="()V">
              <lines>
                <line number="306" hits="22"/>
              </lines>
            </method>
            <method name="(anonymous_24)" hits="0" signature="()V">
              <lines>
                <line number="309" hits="0"/>
              </lines>
            </method>
            <method name="(anonymous_25)" hits="22" signature="()V">
              <lines>
                <line number="313" hits="22"/>
              </lines>
            </method>
            <method name="(anonymous_26)" hits="33" signature="()V">
              <lines>
                <line number="317" hits="33"/>
              </lines>
            </method>
            <method name="(anonymous_27)" hits="1" signature="()V">
              <lines>
                <line number="322" hits="1"/>
              </lines>
            </method>
            <method name="(anonymous_28)" hits="1" signature="()V">
              <lines>
                <line number="325" hits="1"/>
              </lines>
            </method>
            <method name="(anonymous_29)" hits="1" signature="()V">
              <lines>
                <line number="334" hits="1"/>
              </lines>
            </method>
            <method name="(anonymous_30)" hits="1" signature="()V">
              <lines>
                <line number="337" hits="1"/>
              </lines>
            </method>
            <method name="(anonymous_31)" hits="0" signature="()V">
              <lines>
                <line number="344" hits="0"/>
              </lines>
            </method>
            <method name="(anonymous_32)" hits="0" signature="()V">
              <lines>
                <line number="346" hits="0"/>
              </lines>
            </method>
            <method name="(anonymous_33)" hits="0" signature="()V">
              <lines>
                <line number="352" hits="0"/>
              </lines>
            </method>
            <method name="(anonymous_34)" hits="0" signature="()V">
              <lines>
                <line number="354" hits="0"/>
              </lines>
            </method>
            <method name="(anonymous_35)" hits="22" signature="()V">
              <lines>
                <line number="363" hits="22"/>
              </lines>
            </method>
            <method name="(anonymous_36)" hits="22" signature="()V">
              <lines>
                <line number="390" hits="22"/>
              </lines>
            </method>
            <method name="(anonymous_37)" hits="12" signature="()V">
              <lines>
                <line number="391" hits="12"/>
              </lines>
            </method>
            <method name="(anonymous_38)" hits="22" signature="()V">
              <lines>
                <line number="396" hits="22"/>
              </lines>
            </method>
            <method name="(anonymous_39)" hits="1" signature="()V">
              <lines>
                <line number="399" hits="1"/>
              </lines>
            </method>
            <method name="(anonymous_40)" hits="0" signature="()V">
              <lines>
                <line number="408" hits="0"/>
              </lines>
            </method>
            <method name="(anonymous_41)" hits="0" signature="()V">
              <lines>
                <line number="409" hits="0"/>
              </lines>
            </method>
            <method name="(anonymous_42)" hits="0" signature="()V">
              <lines>
                <line number="412" hits="0"/>
              </lines>
            </method>
            <method name="(anonymous_43)" hits="0" signature="()V">
              <lines>
                <line number="426" hits="0"/>
              </lines>
            </method>
            <method name="(anonymous_44)" hits="0" signature="()V">
              <lines>
                <line number="434" hits="0"/>
              </lines>
            </method>
            <method name="(anonymous_45)" hits="1" signature="()V">
              <lines>
                <line number="476" hits="1"/>
              </lines>
            </method>
            <method name="(anonymous_46)" hits="1" signature="()V">
              <lines>
                <line number="476" hits="1"/>
              </lines>
            </method>
            <method name="(anonymous_47)" hits="0" signature="()V">
              <lines>
                <line number="494" hits="0"/>
              </lines>
            </method>
            <method name="(anonymous_48)" hits="0" signature="()V">
              <lines>
                <line number="498" hits="0"/>
              </lines>
            </method>
            <method name="(anonymous_49)" hits="0" signature="()V">
              <lines>
                <line number="571" hits="0"/>
              </lines>
            </method>
            <method name="(anonymous_50)" hits="0" signature="()V">
              <lines>
                <line number="571" hits="0"/>
              </lines>
            </method>
            <method name="(anonymous_51)" hits="0" signature="()V">
              <lines>
                <line number="622" hits="0"/>
              </lines>
            </method>
            <method name="(anonymous_52)" hits="0" signature="()V">
              <lines>
                <line number="630" hits="0"/>
              </lines>
            </method>
            <method name="(anonymous_53)" hits="0" signature="()V">
              <lines>
                <line number="649" hits="0"/>
              </lines>
            </method>
            <method name="(anonymous_54)" hits="344" signature="()V">
              <lines>
                <line number="708" hits="344"/>
              </lines>
            </method>
            <method name="(anonymous_55)" hits="6" signature="()V">
              <lines>
                <line number="711" hits="6"/>
              </lines>
            </method>
            <method name="(anonymous_56)" hits="7" signature="()V">
              <lines>
                <line number="747" hits="7"/>
              </lines>
            </method>
            <method name="(anonymous_57)" hits="1" signature="()V">
              <lines>
                <line number="768" hits="1"/>
              </lines>
            </method>
            <method name="(anonymous_58)" hits="1" signature="()V">
              <lines>
                <line number="774" hits="1"/>
              </lines>
            </method>
            <method name="(anonymous_59)" hits="10" signature="()V">
              <lines>
                <line number="800" hits="10"/>
              </lines>
            </method>
            <method name="(anonymous_60)" hits="1" signature="()V">
              <lines>
                <line number="823" hits="1"/>
              </lines>
            </method>
            <method name="(anonymous_61)" hits="1" signature="()V">
              <lines>
                <line number="829" hits="1"/>
              </lines>
            </method>
            <method name="(anonymous_62)" hits="1" signature="()V">
              <lines>
                <line number="861" hits="1"/>
              </lines>
            </method>
            <method name="(anonymous_63)" hits="2" signature="()V">
              <lines>
                <line number="911" hits="2"/>
              </lines>
            </method>
            <method name="(anonymous_64)" hits="0" signature="()V">
              <lines>
                <line number="958" hits="0"/>
              </lines>
            </method>
            <method name="(anonymous_65)" hits="1" signature="()V">
              <lines>
                <line number="969" hits="1"/>
              </lines>
            </method>
            <method name="(anonymous_66)" hits="0" signature="()V">
              <lines>
                <line number="1016" hits="0"/>
              </lines>
            </method>
          </methods>
          <lines>
            <line number="69" hits="2" branch="false"/>
            <line number="76" hits="2" branch="false"/>
            <line number="80" hits="2" branch="false"/>
            <line number="93" hits="258" branch="true" condition-coverage="100% (1/1)"/>
            <line number="99" hits="2" branch="false"/>
            <line number="100" hits="86" branch="false"/>
            <line number="101" hits="86" branch="true" condition-coverage="50% (1/2)"/>
            <line number="102" hits="86" branch="true" condition-coverage="50% (1/2)"/>
            <line number="103" hits="86" branch="false"/>
            <line number="107" hits="2" branch="false"/>
            <line number="108" hits="86" branch="false"/>
            <line number="109" hits="86" branch="false"/>
            <line number="110" hits="86" branch="false"/>
            <line number="111" hits="86" branch="false"/>
            <line number="112" hits="86" branch="false"/>
            <line number="113" hits="86" branch="false"/>
            <line number="114" hits="86" branch="false"/>
            <line number="115" hits="86" branch="false"/>
            <line number="116" hits="86" branch="false"/>
            <line number="119" hits="86" branch="false"/>
            <line number="120" hits="86" branch="false"/>
            <line number="121" hits="86" branch="false"/>
            <line number="124" hits="86" branch="false"/>
            <line number="125" hits="86" branch="false"/>
            <line number="126" hits="86" branch="false"/>
            <line number="127" hits="86" branch="false"/>
            <line number="128" hits="86" branch="false"/>
            <line number="129" hits="86" branch="false"/>
            <line number="130" hits="86" branch="false"/>
            <line number="131" hits="86" branch="false"/>
            <line number="133" hits="86" branch="false"/>
            <line number="134" hits="42" branch="true" condition-coverage="100% (2/2)"/>
            <line number="137" hits="86" branch="false"/>
            <line number="140" hits="86" branch="false"/>
            <line number="141" hits="17" branch="false"/>
            <line number="142" hits="17" branch="false"/>
            <line number="143" hits="17" branch="false"/>
            <line number="144" hits="17" branch="false"/>
            <line number="146" hits="17" branch="false"/>
            <line number="149" hits="17" branch="false"/>
            <line number="150" hits="17" branch="true" condition-coverage="100% (2/2)"/>
            <line number="151" hits="12" branch="true" condition-coverage="100% (2/2)"/>
            <line number="152" hits="12" branch="false"/>
            <line number="153" hits="12" branch="false"/>
            <line number="155" hits="12" branch="false"/>
            <line number="156" hits="5" branch="true" condition-coverage="50% (1/2)"/>
            <line number="157" hits="5" branch="false"/>
            <line number="158" hits="4" branch="true" condition-coverage="75% (3/4)"/>
            <line number="159" hits="0" branch="true" condition-coverage="0% (0/3)"/>
            <line number="161" hits="5" branch="true" condition-coverage="100% (2/2)"/>
            <line number="162" hits="1" branch="false"/>
            <line number="175" hits="4" branch="true" condition-coverage="100% (2/2)"/>
            <line number="176" hits="1" branch="false"/>
            <line number="192" hits="12" branch="true" condition-coverage="100% (2/2)"/>
            <line number="193" hits="2" branch="false"/>
            <line number="194" hits="2" branch="false"/>
            <line number="195" hits="2" branch="false"/>
            <line number="197" hits="10" branch="false"/>
            <line number="201" hits="0" branch="false"/>
            <line number="203" hits="17" branch="false"/>
            <line number="207" hits="86" branch="false"/>
            <line number="208" hits="22" branch="true" condition-coverage="100% (2/2)"/>
            <line number="209" hits="5" branch="false"/>
            <line number="212" hits="86" branch="false"/>
            <line number="213" hits="1" branch="false"/>
            <line number="214" hits="1" branch="false"/>
            <line number="216" hits="1" branch="false"/>
            <line number="217" hits="1" branch="false"/>
            <line number="218" hits="1" branch="false"/>
            <line number="220" hits="0" branch="false"/>
            <line number="221" hits="0" branch="false"/>
            <line number="224" hits="1" branch="false"/>
            <line number="227" hits="1" branch="false"/>
            <line number="228" hits="1" branch="false"/>
            <line number="229" hits="2" branch="true" condition-coverage="75% (3/4)"/>
            <line number="230" hits="0" branch="true" condition-coverage="0% (0/3)"/>
            <line number="232" hits="1" branch="false"/>
            <line number="246" hits="1" branch="true" condition-coverage="50% (1/2)"/>
            <line number="248" hits="0" branch="true" condition-coverage="0% (0/2)"/>
            <line number="249" hits="0" branch="false"/>
            <line number="250" hits="0" branch="false"/>
            <line number="251" hits="0" branch="false"/>
            <line number="252" hits="0" branch="false"/>
            <line number="255" hits="1" branch="false"/>
            <line number="259" hits="86" branch="false"/>
            <line number="260" hits="1" branch="false"/>
            <line number="261" hits="1" branch="false"/>
            <line number="262" hits="1" branch="false"/>
            <line number="263" hits="1" branch="false"/>
            <line number="266" hits="1" branch="false"/>
            <line number="267" hits="2" branch="true" condition-coverage="75% (3/4)"/>
            <line number="268" hits="0" branch="true" condition-coverage="0% (0/3)"/>
            <line number="270" hits="1" branch="false"/>
            <line number="283" hits="1" branch="true" condition-coverage="100% (2/2)"/>
            <line number="284" hits="1" branch="false"/>
            <line number="285" hits="1" branch="false"/>
            <line number="286" hits="1" branch="false"/>
            <line number="288" hits="1" branch="false"/>
            <line number="293" hits="86" branch="false"/>
            <line number="294" hits="24" branch="false"/>
            <line number="295" hits="24" branch="true" condition-coverage="100% (2/2)"/>
            <line number="296" hits="14" branch="true" condition-coverage="100% (2/2)"/>
            <line number="297" hits="24" branch="true" condition-coverage="100% (2/2)"/>
            <line number="298" hits="24" branch="false"/>
            <line number="300" hits="24" branch="false"/>
            <line number="301" hits="7" branch="true" condition-coverage="100% (3/3)"/>
            <line number="302" hits="7" branch="true" condition-coverage="100% (2/2)"/>
            <line number="306" hits="86" branch="false"/>
            <line number="307" hits="22" branch="false"/>
            <line number="309" hits="22" branch="false"/>
            <line number="310" hits="0" branch="true" condition-coverage="0% (0/2)"/>
            <line number="312" hits="22" branch="false"/>
            <line number="313" hits="22" branch="false"/>
            <line number="317" hits="86" branch="false"/>
            <line number="318" hits="33" branch="true" condition-coverage="100% (4/4)"/>
            <line number="322" hits="86" branch="false"/>
            <line number="323" hits="1" branch="false"/>
            <line number="324" hits="1" branch="true" condition-coverage="50% (1/2)"/>
            <line number="325" hits="1" branch="true" condition-coverage="50% (1/2)"/>
            <line number="326" hits="1" branch="false"/>
            <line number="327" hits="1" branch="false"/>
            <line number="328" hits="1" branch="false"/>
            <line number="330" hits="1" branch="false"/>
            <line number="334" hits="86" branch="false"/>
            <line number="335" hits="1" branch="false"/>
            <line number="336" hits="1" branch="true" condition-coverage="50% (1/2)"/>
            <line number="337" hits="1" branch="true" condition-coverage="50% (1/2)"/>
            <line number="338" hits="1" branch="false"/>
            <line number="339" hits="1" branch="false"/>
            <line number="340" hits="1" branch="false"/>
            <line number="344" hits="86" branch="false"/>
            <line number="345" hits="0" branch="true" condition-coverage="0% (0/2)"/>
            <line number="346" hits="0" branch="false"/>
            <line number="347" hits="0" branch="false"/>
            <line number="348" hits="0" branch="false"/>
            <line number="352" hits="86" branch="false"/>
            <line number="353" hits="0" branch="true" condition-coverage="0% (0/2)"/>
            <line number="354" hits="0" branch="false"/>
            <line number="355" hits="0" branch="false"/>
            <line number="356" hits="0" branch="false"/>
            <line number="360" hits="86" branch="false"/>
            <line number="363" hits="86" branch="false"/>
            <line number="364" hits="22" branch="false"/>
            <line number="365" hits="22" branch="true" condition-coverage="50% (1/2)"/>
            <line number="366" hits="0" branch="false"/>
            <line number="369" hits="0" branch="true" condition-coverage="0% (0/2)"/>
            <line number="370" hits="0" branch="false"/>
            <line number="371" hits="0" branch="false"/>
            <line number="385" hits="0" branch="false"/>
            <line number="390" hits="86" branch="false"/>
            <line number="391" hits="22" branch="false"/>
            <line number="392" hits="12" branch="true" condition-coverage="100% (4/4)"/>
            <line number="393" hits="12" branch="true" condition-coverage="75% (3/4)"/>
            <line number="395" hits="22" branch="false"/>
            <line number="396" hits="22" branch="false"/>
            <line number="399" hits="86" branch="false"/>
            <line number="400" hits="1" branch="false"/>
            <line number="401" hits="1" branch="false"/>
            <line number="402" hits="1" branch="false"/>
            <line number="403" hits="1" branch="false"/>
            <line number="404" hits="1" branch="false"/>
            <line number="405" hits="1" branch="false"/>
            <line number="408" hits="86" branch="false"/>
            <line number="409" hits="0" branch="false"/>
            <line number="412" hits="86" branch="false"/>
            <line number="413" hits="0" branch="true" condition-coverage="0% (0/4)"/>
            <line number="414" hits="0" branch="false"/>
            <line number="415" hits="0" branch="false"/>
            <line number="417" hits="0" branch="false"/>
            <line number="418" hits="0" branch="false"/>
            <line number="419" hits="0" branch="false"/>
            <line number="426" hits="0" branch="true" condition-coverage="0% (0/2)"/>
            <line number="429" hits="0" branch="false"/>
            <line number="430" hits="0" branch="false"/>
            <line number="432" hits="0" branch="true" condition-coverage="0% (0/2)"/>
            <line number="434" hits="0" branch="false"/>
            <line number="435" hits="0" branch="false"/>
            <line number="436" hits="0" branch="true" condition-coverage="0% (0/2)"/>
            <line number="437" hits="0" branch="false"/>
            <line number="439" hits="0" branch="true" condition-coverage="0% (0/4)"/>
            <line number="440" hits="0" branch="false"/>
            <line number="441" hits="0" branch="false"/>
            <line number="442" hits="0" branch="false"/>
            <line number="444" hits="0" branch="true" condition-coverage="0% (0/2)"/>
            <line number="445" hits="0" branch="false"/>
            <line number="446" hits="0" branch="false"/>
            <line number="448" hits="0" branch="false"/>
            <line number="453" hits="86" branch="false"/>
            <line number="476" hits="1" branch="false"/>
            <line number="494" hits="0" branch="false"/>
            <line number="498" hits="0" branch="false"/>
            <line number="571" hits="0" branch="false"/>
            <line number="622" hits="0" branch="false"/>
            <line number="630" hits="0" branch="false"/>
            <line number="649" hits="0" branch="false"/>
            <line number="709" hits="344" branch="false"/>
            <line number="711" hits="6" branch="false"/>
            <line number="748" hits="7" branch="false"/>
            <line number="749" hits="7" branch="false"/>
            <line number="768" hits="1" branch="false"/>
            <line number="774" hits="1" branch="false"/>
            <line number="801" hits="10" branch="false"/>
            <line number="802" hits="10" branch="false"/>
            <line number="823" hits="1" branch="false"/>
            <line number="829" hits="1" branch="false"/>
            <line number="862" hits="1" branch="false"/>
            <line number="867" hits="1" branch="false"/>
            <line number="868" hits="1" branch="false"/>
            <line number="912" hits="2" branch="false"/>
            <line number="913" hits="2" branch="false"/>
            <line number="958" hits="0" branch="false"/>
            <line number="970" hits="1" branch="false"/>
            <line number="971" hits="1" branch="false"/>
            <line number="972" hits="1" branch="true" condition-coverage="50% (1/2)"/>
            <line number="973" hits="1" branch="false"/>
            <line number="1016" hits="0" branch="false"/>
          </lines>
        </class>
        <class name="Explore.tsx" filename="src/pages/Explore.tsx" line-rate="0.7247" branch-rate="0.5146999999999999">
          <methods>
            <method name="(anonymous_0)" hits="156" signature="()V">
              <lines>
                <line number="39" hits="156"/>
              </lines>
            </method>
            <method name="(anonymous_1)" hits="38" signature="()V">
              <lines>
                <line number="57" hits="38"/>
              </lines>
            </method>
            <method name="(anonymous_2)" hits="45" signature="()V">
              <lines>
                <line number="63" hits="45"/>
              </lines>
            </method>
            <method name="(anonymous_3)" hits="153" signature="()V">
              <lines>
                <line number="74" hits="153"/>
              </lines>
            </method>
            <method name="(anonymous_4)" hits="35" signature="()V">
              <lines>
                <line number="76" hits="35"/>
              </lines>
            </method>
            <method name="(anonymous_5)" hits="0" signature="()V">
              <lines>
                <line number="81" hits="0"/>
              </lines>
            </method>
            <method name="(anonymous_6)" hits="19" signature="()V">
              <lines>
                <line number="90" hits="19"/>
              </lines>
            </method>
            <method name="(anonymous_7)" hits="2" signature="()V">
              <lines>
                <line number="96" hits="2"/>
              </lines>
            </method>
            <method name="(anonymous_8)" hits="13" signature="()V">
              <lines>
                <line number="102" hits="13"/>
              </lines>
            </method>
            <method name="(anonymous_9)" hits="13" signature="()V">
              <lines>
                <line number="103" hits="13"/>
              </lines>
            </method>
            <method name="(anonymous_10)" hits="1" signature="()V">
              <lines>
                <line number="109" hits="1"/>
              </lines>
            </method>
            <method name="(anonymous_11)" hits="13" signature="()V">
              <lines>
                <line number="123" hits="13"/>
              </lines>
            </method>
            <method name="(anonymous_12)" hits="0" signature="()V">
              <lines>
                <line number="125" hits="0"/>
              </lines>
            </method>
            <method name="(anonymous_13)" hits="2" signature="()V">
              <lines>
                <line number="130" hits="2"/>
              </lines>
            </method>
            <method name="(anonymous_14)" hits="2" signature="()V">
              <lines>
                <line number="131" hits="2"/>
              </lines>
            </method>
            <method name="(anonymous_15)" hits="10" signature="()V">
              <lines>
                <line number="138" hits="10"/>
              </lines>
            </method>
            <method name="(anonymous_16)" hits="4" signature="()V">
              <lines>
                <line number="142" hits="4"/>
              </lines>
            </method>
            <method name="(anonymous_17)" hits="0" signature="()V">
              <lines>
                <line number="147" hits="0"/>
              </lines>
            </method>
            <method name="(anonymous_18)" hits="0" signature="()V">
              <lines>
                <line number="165" hits="0"/>
              </lines>
            </method>
            <method name="(anonymous_19)" hits="0" signature="()V">
              <lines>
                <line number="167" hits="0"/>
              </lines>
            </method>
            <method name="(anonymous_20)" hits="0" signature="()V">
              <lines>
                <line number="170" hits="0"/>
              </lines>
            </method>
            <method name="(anonymous_21)" hits="0" signature="()V">
              <lines>
                <line number="175" hits="0"/>
              </lines>
            </method>
            <method name="(anonymous_22)" hits="3" signature="()V">
              <lines>
                <line number="179" hits="3"/>
              </lines>
            </method>
            <method name="(anonymous_23)" hits="1" signature="()V">
              <lines>
                <line number="187" hits="1"/>
              </lines>
            </method>
            <method name="(anonymous_24)" hits="1" signature="()V">
              <lines>
                <line number="192" hits="1"/>
              </lines>
            </method>
            <method name="(anonymous_25)" hits="1" signature="()V">
              <lines>
                <line number="194" hits="1"/>
              </lines>
            </method>
            <method name="(anonymous_26)" hits="2" signature="()V">
              <lines>
                <line number="212" hits="2"/>
              </lines>
            </method>
            <method name="(anonymous_27)" hits="0" signature="()V">
              <lines>
                <line number="215" hits="0"/>
              </lines>
            </method>
            <method name="(anonymous_28)" hits="5" signature="()V">
              <lines>
                <line number="250" hits="5"/>
              </lines>
            </method>
            <method name="(anonymous_29)" hits="1" signature="()V">
              <lines>
                <line number="251" hits="1"/>
              </lines>
            </method>
            <method name="(anonymous_30)" hits="0" signature="()V">
              <lines>
                <line number="256" hits="0"/>
              </lines>
            </method>
            <method name="(anonymous_31)" hits="19" signature="()V">
              <lines>
                <line number="304" hits="19"/>
              </lines>
            </method>
            <method name="(anonymous_32)" hits="20" signature="()V">
              <lines>
                <line number="370" hits="20"/>
              </lines>
            </method>
            <method name="(anonymous_33)" hits="0" signature="()V">
              <lines>
                <line number="382" hits="0"/>
              </lines>
            </method>
            <method name="(anonymous_34)" hits="0" signature="()V">
              <lines>
                <line number="382" hits="0"/>
              </lines>
            </method>
            <method name="(anonymous_35)" hits="0" signature="()V">
              <lines>
                <line number="392" hits="0"/>
              </lines>
            </method>
            <method name="(anonymous_36)" hits="0" signature="()V">
              <lines>
                <line number="403" hits="0"/>
              </lines>
            </method>
            <method name="(anonymous_37)" hits="3" signature="()V">
              <lines>
                <line number="414" hits="3"/>
              </lines>
            </method>
            <method name="(anonymous_38)" hits="0" signature="()V">
              <lines>
                <line number="445" hits="0"/>
              </lines>
            </method>
            <method name="(anonymous_39)" hits="0" signature="()V">
              <lines>
                <line number="461" hits="0"/>
              </lines>
            </method>
            <method name="(anonymous_40)" hits="0" signature="()V">
              <lines>
                <line number="542" hits="0"/>
              </lines>
            </method>
            <method name="(anonymous_41)" hits="0" signature="()V">
              <lines>
                <line number="552" hits="0"/>
              </lines>
            </method>
            <method name="(anonymous_42)" hits="0" signature="()V">
              <lines>
                <line number="559" hits="0"/>
              </lines>
            </method>
            <method name="(anonymous_43)" hits="0" signature="()V">
              <lines>
                <line number="572" hits="0"/>
              </lines>
            </method>
            <method name="(anonymous_44)" hits="0" signature="()V">
              <lines>
                <line number="586" hits="0"/>
              </lines>
            </method>
            <method name="(anonymous_45)" hits="0" signature="()V">
              <lines>
                <line number="615" hits="0"/>
              </lines>
            </method>
            <method name="(anonymous_46)" hits="0" signature="()V">
              <lines>
                <line number="628" hits="0"/>
              </lines>
            </method>
            <method name="(anonymous_47)" hits="0" signature="()V">
              <lines>
                <line number="656" hits="0"/>
              </lines>
            </method>
          </methods>
          <lines>
            <line number="39" hits="156" branch="true" condition-coverage="100% (1/1)"/>
            <line number="45" hits="2" branch="false"/>
            <line number="46" hits="2" branch="false"/>
            <line number="54" hits="2" branch="false"/>
            <line number="57" hits="38" branch="false"/>
            <line number="59" hits="2" branch="false"/>
            <line number="60" hits="2" branch="false"/>
            <line number="63" hits="2" branch="false"/>
            <line number="64" hits="45" branch="false"/>
            <line number="65" hits="45" branch="false"/>
            <line number="66" hits="45" branch="false"/>
            <line number="67" hits="45" branch="false"/>
            <line number="68" hits="45" branch="false"/>
            <line number="69" hits="45" branch="false"/>
            <line number="70" hits="45" branch="false"/>
            <line number="71" hits="45" branch="false"/>
            <line number="72" hits="45" branch="false"/>
            <line number="74" hits="153" branch="false"/>
            <line number="76" hits="45" branch="false"/>
            <line number="77" hits="35" branch="true" condition-coverage="100% (2/2)"/>
            <line number="81" hits="45" branch="false"/>
            <line number="82" hits="0" branch="true" condition-coverage="0% (0/2)"/>
            <line number="83" hits="0" branch="false"/>
            <line number="85" hits="0" branch="false"/>
            <line number="90" hits="45" branch="false"/>
            <line number="91" hits="19" branch="true" condition-coverage="50% (1/2)"/>
            <line number="92" hits="0" branch="false"/>
            <line number="96" hits="45" branch="false"/>
            <line number="97" hits="2" branch="true" condition-coverage="75% (3/4)"/>
            <line number="98" hits="0" branch="true" condition-coverage="0% (0/3)"/>
            <line number="102" hits="45" branch="false"/>
            <line number="103" hits="13" branch="false"/>
            <line number="104" hits="13" branch="false"/>
            <line number="105" hits="13" branch="false"/>
            <line number="106" hits="13" branch="false"/>
            <line number="107" hits="13" branch="false"/>
            <line number="109" hits="13" branch="false"/>
            <line number="110" hits="1" branch="false"/>
            <line number="112" hits="13" branch="false"/>
            <line number="114" hits="0" branch="false"/>
            <line number="116" hits="13" branch="false"/>
            <line number="119" hits="13" branch="false"/>
            <line number="123" hits="45" branch="false"/>
            <line number="124" hits="13" branch="true" condition-coverage="100% (2/2)"/>
            <line number="125" hits="13" branch="false"/>
            <line number="127" hits="13" branch="false"/>
            <line number="128" hits="13" branch="true" condition-coverage="100% (2/2)"/>
            <line number="129" hits="6" branch="true" condition-coverage="100% (2/2)"/>
            <line number="130" hits="6" branch="true" condition-coverage="100% (2/2)"/>
            <line number="131" hits="6" branch="false"/>
            <line number="136" hits="45" branch="true" condition-coverage="100% (2/2)"/>
            <line number="138" hits="10" branch="true" condition-coverage="57.14285714285714% (4/7)"/>
            <line number="142" hits="4" branch="false"/>
            <line number="147" hits="45" branch="false"/>
            <line number="148" hits="0" branch="false"/>
            <line number="165" hits="45" branch="false"/>
            <line number="166" hits="0" branch="true" condition-coverage="0% (0/2)"/>
            <line number="167" hits="0" branch="false"/>
            <line number="169" hits="0" branch="true" condition-coverage="0% (0/2)"/>
            <line number="170" hits="0" branch="false"/>
            <line number="172" hits="0" branch="false"/>
            <line number="174" hits="0" branch="false"/>
            <line number="175" hits="0" branch="false"/>
            <line number="179" hits="45" branch="false"/>
            <line number="180" hits="3" branch="false"/>
            <line number="181" hits="3" branch="true" condition-coverage="75% (3/4)"/>
            <line number="183" hits="3" branch="false"/>
            <line number="185" hits="3" branch="true" condition-coverage="100% (2/2)"/>
            <line number="186" hits="3" branch="false"/>
            <line number="187" hits="1" branch="true" condition-coverage="100% (3/3)"/>
            <line number="190" hits="3" branch="true" condition-coverage="100% (2/2)"/>
            <line number="192" hits="1" branch="false"/>
            <line number="193" hits="1" branch="false"/>
            <line number="194" hits="1" branch="false"/>
            <line number="197" hits="2" branch="false"/>
            <line number="210" hits="2" branch="false"/>
            <line number="211" hits="2" branch="false"/>
            <line number="212" hits="2" branch="false"/>
            <line number="215" hits="3" branch="false"/>
            <line number="219" hits="45" branch="false"/>
            <line number="250" hits="5" branch="true" condition-coverage="50% (1/2)"/>
            <line number="251" hits="1" branch="true" condition-coverage="50% (1/2)"/>
            <line number="256" hits="0" branch="false"/>
            <line number="305" hits="19" branch="true" condition-coverage="50% (1/2)"/>
            <line number="308" hits="19" branch="true" condition-coverage="50% (2/4)"/>
            <line number="309" hits="19" branch="false"/>
            <line number="310" hits="19" branch="false"/>
            <line number="311" hits="19" branch="true" condition-coverage="100% (2/2)"/>
            <line number="312" hits="19" branch="false"/>
            <line number="313" hits="19" branch="false"/>
            <line number="314" hits="19" branch="false"/>
            <line number="315" hits="19" branch="false"/>
            <line number="371" hits="20" branch="false"/>
            <line number="382" hits="0" branch="false"/>
            <line number="392" hits="0" branch="false"/>
            <line number="403" hits="0" branch="false"/>
            <line number="414" hits="3" branch="false"/>
            <line number="445" hits="0" branch="false"/>
            <line number="461" hits="0" branch="false"/>
            <line number="543" hits="0" branch="false"/>
            <line number="552" hits="0" branch="false"/>
            <line number="559" hits="0" branch="false"/>
            <line number="572" hits="0" branch="false"/>
            <line number="587" hits="0" branch="false"/>
            <line number="588" hits="0" branch="false"/>
            <line number="589" hits="0" branch="false"/>
            <line number="615" hits="0" branch="false"/>
            <line number="628" hits="0" branch="false"/>
            <line number="656" hits="0" branch="false"/>
          </lines>
        </class>
        <class name="Login.tsx" filename="src/pages/Login.tsx" line-rate="0.6734" branch-rate="0.5769">
          <methods>
            <method name="(anonymous_0)" hits="83" signature="()V">
              <lines>
                <line number="8" hits="83"/>
              </lines>
            </method>
            <method name="(anonymous_1)" hits="4" signature="()V">
              <lines>
                <line number="20" hits="4"/>
              </lines>
            </method>
            <method name="(anonymous_2)" hits="0" signature="()V">
              <lines>
                <line number="52" hits="0"/>
              </lines>
            </method>
            <method name="(anonymous_3)" hits="0" signature="()V">
              <lines>
                <line number="68" hits="0"/>
              </lines>
            </method>
            <method name="(anonymous_4)" hits="29" signature="()V">
              <lines>
                <line number="106" hits="29"/>
              </lines>
            </method>
            <method name="(anonymous_5)" hits="36" signature="()V">
              <lines>
                <line number="120" hits="36"/>
              </lines>
            </method>
            <method name="(anonymous_6)" hits="1" signature="()V">
              <lines>
                <line number="127" hits="1"/>
              </lines>
            </method>
            <method name="(anonymous_7)" hits="0" signature="()V">
              <lines>
                <line number="172" hits="0"/>
              </lines>
            </method>
            <method name="(anonymous_8)" hits="0" signature="()V">
              <lines>
                <line number="197" hits="0"/>
              </lines>
            </method>
            <method name="(anonymous_9)" hits="0" signature="()V">
              <lines>
                <line number="222" hits="0"/>
              </lines>
            </method>
          </methods>
          <lines>
            <line number="8" hits="2" branch="false"/>
            <line number="9" hits="83" branch="false"/>
            <line number="10" hits="83" branch="false"/>
            <line number="11" hits="83" branch="false"/>
            <line number="12" hits="83" branch="false"/>
            <line number="13" hits="83" branch="false"/>
            <line number="14" hits="83" branch="false"/>
            <line number="15" hits="83" branch="false"/>
            <line number="16" hits="83" branch="false"/>
            <line number="17" hits="83" branch="false"/>
            <line number="18" hits="83" branch="false"/>
            <line number="20" hits="83" branch="false"/>
            <line number="21" hits="4" branch="false"/>
            <line number="22" hits="4" branch="false"/>
            <line number="23" hits="4" branch="false"/>
            <line number="25" hits="4" branch="false"/>
            <line number="26" hits="4" branch="true" condition-coverage="100% (4/4)"/>
            <line number="27" hits="1" branch="false"/>
            <line number="28" hits="1" branch="false"/>
            <line number="31" hits="3" branch="false"/>
            <line number="33" hits="2" branch="false"/>
            <line number="34" hits="2" branch="false"/>
            <line number="35" hits="2" branch="true" condition-coverage="50% (1/2)"/>
            <line number="36" hits="2" branch="false"/>
            <line number="42" hits="2" branch="false"/>
            <line number="45" hits="1" branch="true" condition-coverage="50% (1/2)"/>
            <line number="46" hits="1" branch="false"/>
            <line number="48" hits="4" branch="false"/>
            <line number="52" hits="83" branch="false"/>
            <line number="53" hits="0" branch="false"/>
            <line number="54" hits="0" branch="false"/>
            <line number="55" hits="0" branch="false"/>
            <line number="57" hits="0" branch="false"/>
            <line number="58" hits="0" branch="true" condition-coverage="0% (0/2)"/>
            <line number="59" hits="0" branch="false"/>
            <line number="60" hits="0" branch="false"/>
            <line number="64" hits="0" branch="false"/>
            <line number="66" hits="0" branch="false"/>
            <line number="67" hits="0" branch="false"/>
            <line number="68" hits="0" branch="false"/>
            <line number="70" hits="0" branch="false"/>
            <line number="72" hits="0" branch="false"/>
            <line number="76" hits="83" branch="false"/>
            <line number="106" hits="29" branch="false"/>
            <line number="120" hits="36" branch="false"/>
            <line number="127" hits="1" branch="false"/>
            <line number="172" hits="0" branch="false"/>
            <line number="197" hits="0" branch="false"/>
            <line number="222" hits="0" branch="false"/>
          </lines>
        </class>
        <class name="Matches.tsx" filename="src/pages/Matches.tsx" line-rate="0.8275" branch-rate="0.6027">
          <methods>
            <method name="(anonymous_0)" hits="53" signature="()V">
              <lines>
                <line number="53" hits="53"/>
              </lines>
            </method>
            <method name="(anonymous_1)" hits="6" signature="()V">
              <lines>
                <line number="59" hits="6"/>
              </lines>
            </method>
            <method name="(anonymous_2)" hits="1" signature="()V">
              <lines>
                <line number="62" hits="1"/>
              </lines>
            </method>
            <method name="(anonymous_3)" hits="1" signature="()V">
              <lines>
                <line number="76" hits="1"/>
              </lines>
            </method>
            <method name="(anonymous_4)" hits="22" signature="()V">
              <lines>
                <line number="85" hits="22"/>
              </lines>
            </method>
            <method name="(anonymous_5)" hits="31" signature="()V">
              <lines>
                <line number="91" hits="31"/>
              </lines>
            </method>
            <method name="(anonymous_6)" hits="10" signature="()V">
              <lines>
                <line number="93" hits="10"/>
              </lines>
            </method>
            <method name="(anonymous_7)" hits="8" signature="()V">
              <lines>
                <line number="98" hits="8"/>
              </lines>
            </method>
            <method name="(anonymous_8)" hits="3" signature="()V">
              <lines>
                <line number="104" hits="3"/>
              </lines>
            </method>
            <method name="(anonymous_9)" hits="8" signature="()V">
              <lines>
                <line number="114" hits="8"/>
              </lines>
            </method>
            <method name="(anonymous_10)" hits="4" signature="()V">
              <lines>
                <line number="120" hits="4"/>
              </lines>
            </method>
            <method name="(anonymous_11)" hits="9" signature="()V">
              <lines>
                <line number="124" hits="9"/>
              </lines>
            </method>
            <method name="(anonymous_12)" hits="0" signature="()V">
              <lines>
                <line number="132" hits="0"/>
              </lines>
            </method>
            <method name="(anonymous_13)" hits="9" signature="()V">
              <lines>
                <line number="136" hits="9"/>
              </lines>
            </method>
            <method name="(anonymous_14)" hits="2" signature="()V">
              <lines>
                <line number="240" hits="2"/>
              </lines>
            </method>
            <method name="(anonymous_15)" hits="1" signature="()V">
              <lines>
                <line number="296" hits="1"/>
              </lines>
            </method>
            <method name="(anonymous_16)" hits="0" signature="()V">
              <lines>
                <line number="370" hits="0"/>
              </lines>
            </method>
            <method name="(anonymous_17)" hits="0" signature="()V">
              <lines>
                <line number="396" hits="0"/>
              </lines>
            </method>
            <method name="(anonymous_18)" hits="0" signature="()V">
              <lines>
                <line number="408" hits="0"/>
              </lines>
            </method>
            <method name="(anonymous_19)" hits="0" signature="()V">
              <lines>
                <line number="430" hits="0"/>
              </lines>
            </method>
            <method name="(anonymous_20)" hits="0" signature="()V">
              <lines>
                <line number="502" hits="0"/>
              </lines>
            </method>
          </methods>
          <lines>
            <line number="53" hits="53" branch="true" condition-coverage="100% (1/1)"/>
            <line number="59" hits="6" branch="false"/>
            <line number="62" hits="2" branch="false"/>
            <line number="63" hits="1" branch="false"/>
            <line number="64" hits="1" branch="false"/>
            <line number="70" hits="2" branch="false"/>
            <line number="76" hits="2" branch="false"/>
            <line number="77" hits="1" branch="true" condition-coverage="50% (1/2)"/>
            <line number="78" hits="0" branch="true" condition-coverage="0% (0/2)"/>
            <line number="79" hits="0" branch="false"/>
            <line number="82" hits="2" branch="false"/>
            <line number="85" hits="2" branch="false"/>
            <line number="86" hits="22" branch="false"/>
            <line number="87" hits="22" branch="false"/>
            <line number="88" hits="22" branch="false"/>
            <line number="89" hits="22" branch="false"/>
            <line number="91" hits="31" branch="false"/>
            <line number="93" hits="22" branch="false"/>
            <line number="94" hits="10" branch="true" condition-coverage="100% (2/2)"/>
            <line number="98" hits="22" branch="false"/>
            <line number="99" hits="8" branch="false"/>
            <line number="100" hits="8" branch="false"/>
            <line number="101" hits="8" branch="false"/>
            <line number="103" hits="8" branch="false"/>
            <line number="104" hits="3" branch="false"/>
            <line number="107" hits="0" branch="false"/>
            <line number="109" hits="8" branch="false"/>
            <line number="114" hits="22" branch="false"/>
            <line number="115" hits="8" branch="false"/>
            <line number="116" hits="8" branch="true" condition-coverage="100% (2/2)"/>
            <line number="117" hits="4" branch="true" condition-coverage="50% (1/2)"/>
            <line number="119" hits="8" branch="false"/>
            <line number="120" hits="4" branch="true" condition-coverage="100% (3/3)"/>
            <line number="124" hits="22" branch="false"/>
            <line number="125" hits="9" branch="true" condition-coverage="100% (2/2)"/>
            <line number="126" hits="8" branch="false"/>
            <line number="127" hits="8" branch="false"/>
            <line number="129" hits="1" branch="false"/>
            <line number="132" hits="9" branch="false"/>
            <line number="133" hits="0" branch="true" condition-coverage="0% (0/2)"/>
            <line number="135" hits="9" branch="false"/>
            <line number="136" hits="9" branch="false"/>
            <line number="142" hits="22" branch="true" condition-coverage="100% (2/2)"/>
            <line number="143" hits="2" branch="false"/>
            <line number="170" hits="20" branch="false"/>
            <line number="241" hits="2" branch="false"/>
            <line number="242" hits="2" branch="false"/>
            <line number="243" hits="2" branch="true" condition-coverage="100% (2/2)"/>
            <line number="244" hits="2" branch="false"/>
            <line number="297" hits="1" branch="true" condition-coverage="50% (1/2)"/>
            <line number="298" hits="1" branch="false"/>
            <line number="299" hits="1" branch="false"/>
            <line number="370" hits="0" branch="false"/>
            <line number="396" hits="0" branch="false"/>
            <line number="408" hits="0" branch="false"/>
            <line number="431" hits="0" branch="true" condition-coverage="0% (0/2)"/>
            <line number="432" hits="0" branch="false"/>
            <line number="502" hits="0" branch="false"/>
          </lines>
        </class>
        <class name="Profile.tsx" filename="src/pages/Profile.tsx" line-rate="0.7437999999999999" branch-rate="0.8473999999999999">
          <methods>
            <method name="(anonymous_0)" hits="199" signature="()V">
              <lines>
                <line number="8" hits="199"/>
              </lines>
            </method>
            <method name="(anonymous_1)" hits="199" signature="()V">
              <lines>
                <line number="51" hits="199"/>
              </lines>
            </method>
            <method name="(anonymous_2)" hits="22" signature="()V">
              <lines>
                <line number="84" hits="22"/>
              </lines>
            </method>
            <method name="(anonymous_3)" hits="34" signature="()V">
              <lines>
                <line number="85" hits="34"/>
              </lines>
            </method>
            <method name="(anonymous_4)" hits="22" signature="()V">
              <lines>
                <line number="89" hits="22"/>
              </lines>
            </method>
            <method name="(anonymous_5)" hits="1" signature="()V">
              <lines>
                <line number="92" hits="1"/>
              </lines>
            </method>
            <method name="(anonymous_6)" hits="1" signature="()V">
              <lines>
                <line number="99" hits="1"/>
              </lines>
            </method>
            <method name="(anonymous_7)" hits="0" signature="()V">
              <lines>
                <line number="103" hits="0"/>
              </lines>
            </method>
            <method name="(anonymous_8)" hits="0" signature="()V">
              <lines>
                <line number="108" hits="0"/>
              </lines>
            </method>
            <method name="(anonymous_9)" hits="0" signature="()V">
              <lines>
                <line number="113" hits="0"/>
              </lines>
            </method>
            <method name="(anonymous_10)" hits="0" signature="()V">
              <lines>
                <line number="114" hits="0"/>
              </lines>
            </method>
            <method name="(anonymous_11)" hits="0" signature="()V">
              <lines>
                <line number="118" hits="0"/>
              </lines>
            </method>
            <method name="(anonymous_12)" hits="0" signature="()V">
              <lines>
                <line number="122" hits="0"/>
              </lines>
            </method>
            <method name="(anonymous_13)" hits="0" signature="()V">
              <lines>
                <line number="124" hits="0"/>
              </lines>
            </method>
            <method name="(anonymous_14)" hits="0" signature="()V">
              <lines>
                <line number="126" hits="0"/>
              </lines>
            </method>
            <method name="(anonymous_15)" hits="33" signature="()V">
              <lines>
                <line number="134" hits="33"/>
              </lines>
            </method>
            <method name="(anonymous_16)" hits="33" signature="()V">
              <lines>
                <line number="135" hits="33"/>
              </lines>
            </method>
            <method name="(anonymous_17)" hits="4" signature="()V">
              <lines>
                <line number="138" hits="4"/>
              </lines>
            </method>
            <method name="(anonymous_18)" hits="4" signature="()V">
              <lines>
                <line number="141" hits="4"/>
              </lines>
            </method>
            <method name="(anonymous_19)" hits="1" signature="()V">
              <lines>
                <line number="148" hits="1"/>
              </lines>
            </method>
            <method name="(anonymous_20)" hits="1" signature="()V">
              <lines>
                <line number="149" hits="1"/>
              </lines>
            </method>
            <method name="(anonymous_21)" hits="1" signature="()V">
              <lines>
                <line number="149" hits="1"/>
              </lines>
            </method>
            <method name="(anonymous_22)" hits="6567" signature="()V">
              <lines>
                <line number="152" hits="6567"/>
              </lines>
            </method>
            <method name="(anonymous_23)" hits="5" signature="()V">
              <lines>
                <line number="158" hits="5"/>
              </lines>
            </method>
            <method name="(anonymous_24)" hits="2" signature="()V">
              <lines>
                <line number="204" hits="2"/>
              </lines>
            </method>
            <method name="(anonymous_25)" hits="2" signature="()V">
              <lines>
                <line number="204" hits="2"/>
              </lines>
            </method>
            <method name="(anonymous_26)" hits="0" signature="()V">
              <lines>
                <line number="231" hits="0"/>
              </lines>
            </method>
            <method name="(anonymous_27)" hits="0" signature="()V">
              <lines>
                <line number="239" hits="0"/>
              </lines>
            </method>
            <method name="(anonymous_28)" hits="0" signature="()V">
              <lines>
                <line number="247" hits="0"/>
              </lines>
            </method>
            <method name="(anonymous_29)" hits="17" signature="()V">
              <lines>
                <line number="401" hits="17"/>
              </lines>
            </method>
            <method name="(anonymous_30)" hits="1" signature="()V">
              <lines>
                <line number="406" hits="1"/>
              </lines>
            </method>
            <method name="(anonymous_31)" hits="1" signature="()V">
              <lines>
                <line number="412" hits="1"/>
              </lines>
            </method>
            <method name="(anonymous_32)" hits="2" signature="()V">
              <lines>
                <line number="424" hits="2"/>
              </lines>
            </method>
            <method name="(anonymous_33)" hits="0" signature="()V">
              <lines>
                <line number="447" hits="0"/>
              </lines>
            </method>
            <method name="(anonymous_34)" hits="1" signature="()V">
              <lines>
                <line number="452" hits="1"/>
              </lines>
            </method>
            <method name="(anonymous_35)" hits="0" signature="()V">
              <lines>
                <line number="458" hits="0"/>
              </lines>
            </method>
            <method name="(anonymous_36)" hits="2" signature="()V">
              <lines>
                <line number="470" hits="2"/>
              </lines>
            </method>
            <method name="(anonymous_37)" hits="16" signature="()V">
              <lines>
                <line number="493" hits="16"/>
              </lines>
            </method>
            <method name="(anonymous_38)" hits="1" signature="()V">
              <lines>
                <line number="499" hits="1"/>
              </lines>
            </method>
            <method name="(anonymous_39)" hits="0" signature="()V">
              <lines>
                <line number="505" hits="0"/>
              </lines>
            </method>
            <method name="(anonymous_40)" hits="1" signature="()V">
              <lines>
                <line number="517" hits="1"/>
              </lines>
            </method>
            <method name="(anonymous_41)" hits="0" signature="()V">
              <lines>
                <line number="540" hits="0"/>
              </lines>
            </method>
            <method name="(anonymous_42)" hits="0" signature="()V">
              <lines>
                <line number="545" hits="0"/>
              </lines>
            </method>
            <method name="(anonymous_43)" hits="0" signature="()V">
              <lines>
                <line number="551" hits="0"/>
              </lines>
            </method>
            <method name="(anonymous_44)" hits="1" signature="()V">
              <lines>
                <line number="569" hits="1"/>
              </lines>
            </method>
            <method name="(anonymous_45)" hits="8" signature="()V">
              <lines>
                <line number="594" hits="8"/>
              </lines>
            </method>
            <method name="(anonymous_46)" hits="1" signature="()V">
              <lines>
                <line number="599" hits="1"/>
              </lines>
            </method>
            <method name="(anonymous_47)" hits="47" signature="()V">
              <lines>
                <line number="615" hits="47"/>
              </lines>
            </method>
            <method name="(anonymous_48)" hits="62" signature="()V">
              <lines>
                <line number="619" hits="62"/>
              </lines>
            </method>
            <method name="(anonymous_49)" hits="6" signature="()V">
              <lines>
                <line number="620" hits="6"/>
              </lines>
            </method>
            <method name="(anonymous_50)" hits="5" signature="()V">
              <lines>
                <line number="620" hits="5"/>
              </lines>
            </method>
            <method name="(anonymous_51)" hits="47" signature="()V">
              <lines>
                <line number="621" hits="47"/>
              </lines>
            </method>
            <method name="(anonymous_52)" hits="3" signature="()V">
              <lines>
                <line number="633" hits="3"/>
              </lines>
            </method>
            <method name="(anonymous_53)" hits="992" signature="()V">
              <lines>
                <line number="642" hits="992"/>
              </lines>
            </method>
            <method name="(anonymous_54)" hits="1" signature="()V">
              <lines>
                <line number="646" hits="1"/>
              </lines>
            </method>
            <method name="(anonymous_55)" hits="1" signature="()V">
              <lines>
                <line number="661" hits="1"/>
              </lines>
            </method>
            <method name="(anonymous_56)" hits="0" signature="()V">
              <lines>
                <line number="667" hits="0"/>
              </lines>
            </method>
            <method name="(anonymous_57)" hits="1" signature="()V">
              <lines>
                <line number="679" hits="1"/>
              </lines>
            </method>
            <method name="(anonymous_58)" hits="5" signature="()V">
              <lines>
                <line number="690" hits="5"/>
              </lines>
            </method>
            <method name="(anonymous_59)" hits="0" signature="()V">
              <lines>
                <line number="712" hits="0"/>
              </lines>
            </method>
            <method name="(anonymous_60)" hits="1" signature="()V">
              <lines>
                <line number="720" hits="1"/>
              </lines>
            </method>
            <method name="(anonymous_61)" hits="1" signature="()V">
              <lines>
                <line number="726" hits="1"/>
              </lines>
            </method>
            <method name="(anonymous_62)" hits="2" signature="()V">
              <lines>
                <line number="739" hits="2"/>
              </lines>
            </method>
          </methods>
          <lines>
            <line number="8" hits="199" branch="true" condition-coverage="100% (1/1)"/>
            <line number="14" hits="2" branch="false"/>
            <line number="51" hits="2" branch="false"/>
            <line number="52" hits="199" branch="false"/>
            <line number="53" hits="199" branch="false"/>
            <line number="54" hits="199" branch="false"/>
            <line number="55" hits="199" branch="false"/>
            <line number="58" hits="199" branch="false"/>
            <line number="72" hits="199" branch="false"/>
            <line number="73" hits="199" branch="false"/>
            <line number="74" hits="199" branch="false"/>
            <line number="75" hits="199" branch="false"/>
            <line number="76" hits="199" branch="false"/>
            <line number="77" hits="199" branch="false"/>
            <line number="78" hits="199" branch="false"/>
            <line number="79" hits="199" branch="false"/>
            <line number="80" hits="199" branch="false"/>
            <line number="81" hits="199" branch="false"/>
            <line number="84" hits="199" branch="false"/>
            <line number="85" hits="22" branch="false"/>
            <line number="86" hits="34" branch="true" condition-coverage="100% (4/4)"/>
            <line number="88" hits="22" branch="false"/>
            <line number="89" hits="22" branch="false"/>
            <line number="92" hits="199" branch="false"/>
            <line number="93" hits="1" branch="false"/>
            <line number="94" hits="1" branch="false"/>
            <line number="95" hits="1" branch="false"/>
            <line number="96" hits="1" branch="false"/>
            <line number="99" hits="199" branch="false"/>
            <line number="100" hits="1" branch="false"/>
            <line number="103" hits="199" branch="false"/>
            <line number="104" hits="0" branch="false"/>
            <line number="105" hits="0" branch="false"/>
            <line number="108" hits="199" branch="false"/>
            <line number="109" hits="0" branch="false"/>
            <line number="110" hits="0" branch="false"/>
            <line number="113" hits="199" branch="false"/>
            <line number="114" hits="0" branch="false"/>
            <line number="115" hits="0" branch="false"/>
            <line number="118" hits="199" branch="false"/>
            <line number="119" hits="0" branch="false"/>
            <line number="120" hits="0" branch="true" condition-coverage="0% (0/2)"/>
            <line number="121" hits="0" branch="false"/>
            <line number="122" hits="0" branch="false"/>
            <line number="123" hits="0" branch="false"/>
            <line number="124" hits="0" branch="false"/>
            <line number="126" hits="0" branch="false"/>
            <line number="127" hits="0" branch="false"/>
            <line number="129" hits="0" branch="false"/>
            <line number="130" hits="0" branch="false"/>
            <line number="134" hits="199" branch="false"/>
            <line number="135" hits="33" branch="false"/>
            <line number="138" hits="199" branch="false"/>
            <line number="139" hits="4" branch="false"/>
            <line number="140" hits="4" branch="true" condition-coverage="50% (1/2)"/>
            <line number="141" hits="4" branch="false"/>
            <line number="142" hits="4" branch="true" condition-coverage="50% (1/2)"/>
            <line number="143" hits="4" branch="false"/>
            <line number="145" hits="4" branch="false"/>
            <line number="148" hits="199" branch="false"/>
            <line number="149" hits="1" branch="false"/>
            <line number="152" hits="199" branch="false"/>
            <line number="153" hits="6567" branch="false"/>
            <line number="154" hits="6567" branch="true" condition-coverage="100% (3/3)"/>
            <line number="155" hits="6567" branch="true" condition-coverage="100% (2/2)"/>
            <line number="158" hits="199" branch="false"/>
            <line number="160" hits="5" branch="false"/>
            <line number="163" hits="5" branch="true" condition-coverage="83.33333333333334% (5/6)"/>
            <line number="165" hits="1" branch="false"/>
            <line number="166" hits="1" branch="false"/>
            <line number="168" hits="1" branch="false"/>
            <line number="169" hits="1" branch="false"/>
            <line number="171" hits="1" branch="false"/>
            <line number="172" hits="1" branch="false"/>
            <line number="174" hits="0" branch="false"/>
            <line number="175" hits="0" branch="false"/>
            <line number="177" hits="1" branch="false"/>
            <line number="178" hits="1" branch="false"/>
            <line number="180" hits="1" branch="false"/>
            <line number="181" hits="1" branch="false"/>
            <line number="186" hits="199" branch="false"/>
            <line number="204" hits="2" branch="false"/>
            <line number="231" hits="0" branch="false"/>
            <line number="239" hits="0" branch="false"/>
            <line number="247" hits="0" branch="false"/>
            <line number="401" hits="17" branch="false"/>
            <line number="406" hits="1" branch="false"/>
            <line number="412" hits="1" branch="false"/>
            <line number="424" hits="2" branch="false"/>
            <line number="447" hits="0" branch="false"/>
            <line number="452" hits="1" branch="false"/>
            <line number="458" hits="0" branch="false"/>
            <line number="470" hits="2" branch="false"/>
            <line number="493" hits="16" branch="false"/>
            <line number="499" hits="1" branch="false"/>
[...]
            </method>
            <method name="(anonymous_4)" hits="0" signature="()V">
              <lines>
                <line number="111" hits="0"/>
              </lines>
            </method>
            <method name="(anonymous_5)" hits="0" signature="()V">
              <lines>
                <line number="123" hits="0"/>
              </lines>
            </method>
            <method name="(anonymous_6)" hits="64" signature="()V">
              <lines>
                <line number="136" hits="64"/>
              </lines>
            </method>
            <method name="(anonymous_7)" hits="28" signature="()V">
              <lines>
                <line number="149" hits="28"/>
              </lines>
            </method>
            <method name="(anonymous_8)" hits="36" signature="()V">
              <lines>
                <line number="163" hits="36"/>
              </lines>
            </method>
            <method name="(anonymous_9)" hits="0" signature="()V">
              <lines>
                <line number="170" hits="0"/>
              </lines>
            </method>
            <method name="(anonymous_10)" hits="34" signature="()V">
              <lines>
                <line number="190" hits="34"/>
              </lines>
            </method>
            <method name="(anonymous_11)" hits="0" signature="()V">
              <lines>
                <line number="197" hits="0"/>
              </lines>
            </method>
          </methods>
          <lines>
            <line number="8" hits="2" branch="false"/>
            <line number="9" hits="206" branch="false"/>
            <line number="10" hits="206" branch="false"/>
            <line number="11" hits="206" branch="false"/>
            <line number="12" hits="206" branch="false"/>
            <line number="13" hits="206" branch="false"/>
            <line number="14" hits="206" branch="false"/>
            <line number="15" hits="206" branch="false"/>
            <line number="16" hits="206" branch="false"/>
            <line number="17" hits="206" branch="false"/>
            <line number="18" hits="206" branch="false"/>
            <line number="19" hits="206" branch="false"/>
            <line number="20" hits="206" branch="false"/>
            <line number="21" hits="206" branch="false"/>
            <line number="23" hits="206" branch="false"/>
            <line number="24" hits="5" branch="false"/>
            <line number="25" hits="5" branch="false"/>
            <line number="26" hits="5" branch="false"/>
            <line number="28" hits="5" branch="false"/>
            <line number="30" hits="5" branch="true" condition-coverage="100% (8/8)"/>
            <line number="31" hits="1" branch="false"/>
            <line number="32" hits="1" branch="false"/>
            <line number="35" hits="4" branch="true" condition-coverage="100% (2/2)"/>
            <line number="36" hits="1" branch="false"/>
            <line number="37" hits="1" branch="false"/>
            <line number="40" hits="3" branch="true" condition-coverage="100% (2/2)"/>
            <line number="41" hits="1" branch="false"/>
            <line number="42" hits="1" branch="false"/>
            <line number="45" hits="2" branch="true" condition-coverage="100% (2/2)"/>
            <line number="46" hits="5" branch="false"/>
            <line number="48" hits="1" branch="false"/>
            <line number="50" hits="1" branch="true" condition-coverage="50% (1/2)"/>
            <line number="51" hits="1" branch="false"/>
            <line number="53" hits="5" branch="false"/>
            <line number="57" hits="206" branch="false"/>
            <line number="85" hits="16" branch="false"/>
            <line number="98" hits="12" branch="false"/>
            <line number="111" hits="0" branch="false"/>
            <line number="123" hits="0" branch="false"/>
            <line number="136" hits="64" branch="false"/>
            <line number="149" hits="28" branch="false"/>
            <line number="163" hits="36" branch="false"/>
            <line number="170" hits="0" branch="false"/>
            <line number="190" hits="34" branch="false"/>
            <line number="197" hits="0" branch="false"/>
          </lines>
        </class>
        <class name="Suggestions.tsx" filename="src/pages/Suggestions.tsx" line-rate="1" branch-rate="1">
          <methods>
            <method name="(anonymous_0)" hits="2" signature="()V">
              <lines>
                <line number="3" hits="2"/>
              </lines>
            </method>
          </methods>
          <lines>
            <line number="3" hits="2" branch="false"/>
            <line number="4" hits="2" branch="false"/>
          </lines>
        </class>
        <class name="Trips.tsx" filename="src/pages/Trips.tsx" line-rate="0.9" branch-rate="0.573">
          <methods>
            <method name="(anonymous_0)" hits="252" signature="()V">
              <lines>
                <line number="40" hits="252"/>
              </lines>
            </method>
            <method name="(anonymous_1)" hits="100" signature="()V">
              <lines>
                <line number="87" hits="100"/>
              </lines>
            </method>
            <method name="(anonymous_2)" hits="24" signature="()V">
              <lines>
                <line number="98" hits="24"/>
              </lines>
            </method>
            <method name="(anonymous_3)" hits="24" signature="()V">
              <lines>
                <line number="99" hits="24"/>
              </lines>
            </method>
            <method name="(anonymous_4)" hits="24" signature="()V">
              <lines>
                <line number="101" hits="24"/>
              </lines>
            </method>
            <method name="(anonymous_5)" hits="11" signature="()V">
              <lines>
                <line number="108" hits="11"/>
              </lines>
            </method>
            <method name="(anonymous_6)" hits="11" signature="()V">
              <lines>
                <line number="123" hits="11"/>
              </lines>
            </method>
            <method name="(anonymous_7)" hits="0" signature="()V">
              <lines>
                <line number="126" hits="0"/>
              </lines>
            </method>
            <method name="(anonymous_8)" hits="0" signature="()V">
              <lines>
                <line number="126" hits="0"/>
              </lines>
            </method>
            <method name="(anonymous_9)" hits="24" signature="()V">
              <lines>
                <line number="153" hits="24"/>
              </lines>
            </method>
            <method name="(anonymous_10)" hits="2" signature="()V">
              <lines>
                <line number="159" hits="2"/>
              </lines>
            </method>
            <method name="(anonymous_11)" hits="2" signature="()V">
              <lines>
                <line number="161" hits="2"/>
              </lines>
            </method>
            <method name="(anonymous_12)" hits="2" signature="()V">
              <lines>
                <line number="162" hits="2"/>
              </lines>
            </method>
            <method name="(anonymous_13)" hits="1" signature="()V">
              <lines>
                <line number="176" hits="1"/>
              </lines>
            </method>
            <method name="(anonymous_14)" hits="1" signature="()V">
              <lines>
                <line number="177" hits="1"/>
              </lines>
            </method>
            <method name="(anonymous_15)" hits="1" signature="()V">
              <lines>
                <line number="178" hits="1"/>
              </lines>
            </method>
            <method name="(anonymous_16)" hits="4" signature="()V">
              <lines>
                <line number="185" hits="4"/>
              </lines>
            </method>
            <method name="(anonymous_17)" hits="1" signature="()V">
              <lines>
                <line number="200" hits="1"/>
              </lines>
            </method>
            <method name="(anonymous_18)" hits="2" signature="()V">
              <lines>
                <line number="205" hits="2"/>
              </lines>
            </method>
            <method name="(anonymous_19)" hits="4" signature="()V">
              <lines>
                <line number="216" hits="4"/>
              </lines>
            </method>
            <method name="(anonymous_20)" hits="2" signature="()V">
              <lines>
                <line number="223" hits="2"/>
              </lines>
            </method>
            <method name="(anonymous_21)" hits="2" signature="()V">
              <lines>
                <line number="224" hits="2"/>
              </lines>
            </method>
            <method name="(anonymous_22)" hits="200" signature="()V">
              <lines>
                <line number="294" hits="200"/>
              </lines>
            </method>
            <method name="(anonymous_23)" hits="7" signature="()V">
              <lines>
                <line number="297" hits="7"/>
              </lines>
            </method>
            <method name="(anonymous_24)" hits="33" signature="()V">
              <lines>
                <line number="356" hits="33"/>
              </lines>
            </method>
            <method name="(anonymous_25)" hits="0" signature="()V">
              <lines>
                <line number="386" hits="0"/>
              </lines>
            </method>
            <method name="(anonymous_26)" hits="10" signature="()V">
              <lines>
                <line number="396" hits="10"/>
              </lines>
            </method>
            <method name="(anonymous_27)" hits="0" signature="()V">
              <lines>
                <line number="410" hits="0"/>
              </lines>
            </method>
            <method name="(anonymous_28)" hits="0" signature="()V">
              <lines>
                <line number="419" hits="0"/>
              </lines>
            </method>
            <method name="(anonymous_29)" hits="0" signature="()V">
              <lines>
                <line number="431" hits="0"/>
              </lines>
            </method>
            <method name="(anonymous_30)" hits="128" signature="()V">
              <lines>
                <line number="435" hits="128"/>
              </lines>
            </method>
            <method name="(anonymous_31)" hits="0" signature="()V">
              <lines>
                <line number="445" hits="0"/>
              </lines>
            </method>
            <method name="(anonymous_32)" hits="0" signature="()V">
              <lines>
                <line number="454" hits="0"/>
              </lines>
            </method>
            <method name="(anonymous_33)" hits="48" signature="()V">
              <lines>
                <line number="457" hits="48"/>
              </lines>
            </method>
            <method name="(anonymous_34)" hits="0" signature="()V">
              <lines>
                <line number="470" hits="0"/>
              </lines>
            </method>
            <method name="(anonymous_35)" hits="0" signature="()V">
              <lines>
                <line number="481" hits="0"/>
              </lines>
            </method>
            <method name="(anonymous_36)" hits="2" signature="()V">
              <lines>
                <line number="546" hits="2"/>
              </lines>
            </method>
            <method name="(anonymous_37)" hits="4" signature="()V">
              <lines>
                <line number="568" hits="4"/>
              </lines>
            </method>
            <method name="(anonymous_38)" hits="2" signature="()V">
              <lines>
                <line number="574" hits="2"/>
              </lines>
            </method>
            <method name="(anonymous_39)" hits="5" signature="()V">
              <lines>
                <line number="615" hits="5"/>
              </lines>
            </method>
            <method name="(anonymous_40)" hits="10" signature="()V">
              <lines>
                <line number="674" hits="10"/>
              </lines>
            </method>
            <method name="(anonymous_41)" hits="1" signature="()V">
              <lines>
                <line number="689" hits="1"/>
              </lines>
            </method>
          </methods>
          <lines>
            <line number="40" hits="252" branch="true" condition-coverage="100% (1/1)"/>
            <line number="46" hits="2" branch="false"/>
            <line number="47" hits="2" branch="false"/>
            <line number="49" hits="2" branch="false"/>
            <line number="55" hits="2" branch="false"/>
            <line number="61" hits="2" branch="false"/>
            <line number="63" hits="2" branch="false"/>
            <line number="65" hits="2" branch="false"/>
            <line number="83" hits="2" branch="false"/>
            <line number="84" hits="2" branch="false"/>
            <line number="87" hits="2" branch="false"/>
            <line number="88" hits="100" branch="false"/>
            <line number="89" hits="100" branch="false"/>
            <line number="90" hits="100" branch="false"/>
            <line number="91" hits="100" branch="false"/>
            <line number="92" hits="100" branch="false"/>
            <line number="93" hits="100" branch="false"/>
            <line number="94" hits="100" branch="false"/>
            <line number="95" hits="100" branch="false"/>
            <line number="98" hits="100" branch="false"/>
            <line number="99" hits="24" branch="false"/>
            <line number="100" hits="24" branch="false"/>
            <line number="101" hits="24" branch="false"/>
            <line number="102" hits="24" branch="true" condition-coverage="100% (2/2)"/>
            <line number="104" hits="24" branch="true" condition-coverage="100% (2/2)"/>
            <line number="105" hits="24" branch="false"/>
            <line number="106" hits="24" branch="false"/>
            <line number="108" hits="23" branch="false"/>
            <line number="122" hits="23" branch="true" condition-coverage="100% (2/2)"/>
            <line number="123" hits="24" branch="false"/>
            <line number="124" hits="24" branch="false"/>
            <line number="126" hits="0" branch="false"/>
            <line number="141" hits="24" branch="false"/>
            <line number="143" hits="1" branch="true" condition-coverage="50% (1/2)"/>
            <line number="144" hits="1" branch="false"/>
            <line number="146" hits="24" branch="false"/>
            <line number="149" hits="24" branch="false"/>
            <line number="153" hits="100" branch="false"/>
            <line number="154" hits="24" branch="true" condition-coverage="100% (2/2)"/>
            <line number="155" hits="24" branch="false"/>
            <line number="159" hits="100" branch="false"/>
            <line number="161" hits="2" branch="false"/>
            <line number="162" hits="2" branch="false"/>
            <line number="163" hits="2" branch="false"/>
            <line number="164" hits="2" branch="false"/>
            <line number="167" hits="2" branch="false"/>
            <line number="168" hits="2" branch="false"/>
            <line number="170" hits="0" branch="false"/>
            <line number="176" hits="100" branch="false"/>
            <line number="177" hits="1" branch="false"/>
            <line number="178" hits="1" branch="false"/>
            <line number="179" hits="1" branch="false"/>
            <line number="180" hits="1" branch="false"/>
            <line number="185" hits="100" branch="false"/>
            <line number="186" hits="4" branch="false"/>
            <line number="187" hits="4" branch="false"/>
            <line number="200" hits="100" branch="false"/>
            <line number="201" hits="1" branch="false"/>
            <line number="202" hits="1" branch="false"/>
            <line number="205" hits="100" branch="false"/>
            <line number="206" hits="2" branch="true" condition-coverage="75% (3/4)"/>
            <line number="207" hits="2" branch="false"/>
            <line number="208" hits="2" branch="false"/>
            <line number="209" hits="2" branch="false"/>
            <line number="210" hits="2" branch="true" condition-coverage="50% (1/2)"/>
            <line number="211" hits="2" branch="true" condition-coverage="50% (1/2)"/>
            <line number="212" hits="2" branch="true" condition-coverage="50% (1/2)"/>
            <line number="213" hits="2" branch="true" condition-coverage="50% (1/2)"/>
            <line number="214" hits="2" branch="true" condition-coverage="50% (1/2)"/>
            <line number="215" hits="2" branch="true" condition-coverage="50% (1/2)"/>
            <line number="216" hits="4" branch="true" condition-coverage="50% (1/2)"/>
            <line number="217" hits="2" branch="true" condition-coverage="50% (1/2)"/>
            <line number="218" hits="2" branch="false"/>
            <line number="220" hits="2" branch="false"/>
            <line number="223" hits="2" branch="false"/>
            <line number="224" hits="2" branch="false"/>
            <line number="225" hits="2" branch="true" condition-coverage="50% (1/2)"/>
            <line number="240" hits="2" branch="false"/>
            <line number="241" hits="2" branch="false"/>
            <line number="243" hits="2" branch="false"/>
            <line number="244" hits="2" branch="false"/>
            <line number="246" hits="0" branch="false"/>
            <line number="248" hits="2" branch="false"/>
            <line number="253" hits="100" branch="false"/>
            <line number="259" hits="100" branch="false"/>
            <line number="295" hits="200" branch="false"/>
            <line number="297" hits="7" branch="false"/>
            <line number="357" hits="33" branch="false"/>
            <line number="386" hits="0" branch="false"/>
            <line number="396" hits="10" branch="false"/>
            <line number="410" hits="0" branch="false"/>
            <line number="419" hits="0" branch="false"/>
            <line number="431" hits="0" branch="false"/>
            <line number="436" hits="128" branch="false"/>
            <line number="445" hits="0" branch="false"/>
            <line number="454" hits="0" branch="false"/>
            <line number="458" hits="48" branch="false"/>
            <line number="470" hits="0" branch="false"/>
            <line number="481" hits="0" branch="false"/>
            <line number="546" hits="2" branch="true" condition-coverage="100% (2/2)"/>
            <line number="568" hits="4" branch="false"/>
            <line number="574" hits="2" branch="false"/>
            <line number="616" hits="5" branch="true" condition-coverage="50% (1/2)"/>
            <line number="617" hits="5" branch="true" condition-coverage="50% (1/2)"/>
            <line number="620" hits="5" branch="true" condition-coverage="50% (2/4)"/>
            <line number="621" hits="5" branch="true" condition-coverage="50% (1/2)"/>
            <line number="622" hits="5" branch="true" condition-coverage="50% (1/2)"/>
            <line number="623" hits="5" branch="false"/>
            <line number="675" hits="10" branch="false"/>
            <line number="689" hits="1" branch="false"/>
          </lines>
        </class>
        <class name="login.css" filename="src/pages/login.css" line-rate="0" branch-rate="0">
          <methods>
          </methods>
          <lines>
          </lines>
        </class>
        <class name="profile.css" filename="src/pages/profile.css" line-rate="0" branch-rate="0">
          <methods>
          </methods>
          <lines>
          </lines>
        </class>
      </classes>
    </package>
  </packages>
</coverage>
