TN:
SF:src/App.css
FNF:0
FNH:0
LF:0
LH:0
BRF:0
BRH:0
end_of_record
TN:
SF:src/App.tsx
FN:15,(anonymous_0)
FNF:1
FNH:1
FNDA:3,(anonymous_0)
DA:15,1
DA:16,3
LF:2
LH:2
BRF:0
BRH:0
end_of_record
TN:
SF:src/api/client.ts
FN:10,(anonymous_0)
FNF:1
FNH:1
FNDA:2,(anonymous_0)
DA:3,1
DA:5,1
DA:10,1
DA:11,2
DA:12,2
DA:13,2
LF:6
LH:6
BRDA:3,0,0,1
BRDA:3,0,1,0
BRDA:12,1,0,1
BRDA:12,1,1,1
BRDA:12,2,0,2
BRDA:12,2,1,1
BRF:6
BRH:5
end_of_record
TN:
SF:src/assets/CDM.png
FNF:0
FNH:0
LF:0
LH:0
BRF:0
BRH:0
end_of_record
TN:
SF:src/assets/SCP.png
FNF:0
FNH:0
LF:0
LH:0
BRF:0
BRH:0
end_of_record
TN:
SF:src/assets/SIM.png
FNF:0
FNH:0
LF:0
LH:0
BRF:0
BRH:0
end_of_record
TN:
SF:src/assets/TCP.png
FNF:0
FNH:0
LF:0
LH:0
BRF:0
BRH:0
end_of_record
TN:
SF:src/assets/logo.png
FNF:0
FNH:0
LF:0
LH:0
BRF:0
BRH:0
end_of_record
TN:
SF:src/components/Header.tsx
FN:5,(anonymous_0)
FNF:1
FNH:1
FNDA:14,(anonymous_0)
DA:5,3
DA:6,14
LF:2
LH:2
BRF:0
BRH:0
end_of_record
TN:
SF:src/components/Landing.tsx
FN:11,(anonymous_0)
FN:38,(anonymous_1)
FN:39,(anonymous_2)
FN:42,(anonymous_3)
FN:43,(anonymous_4)
FN:46,(anonymous_5)
FN:50,(anonymous_6)
FN:134,(anonymous_7)
FN:137,(anonymous_8)
FN:156,FeatureCard
FNF:10
FNH:3
FNDA:8,(anonymous_0)
FNDA:0,(anonymous_1)
FNDA:0,(anonymous_2)
FNDA:0,(anonymous_3)
FNDA:0,(anonymous_4)
FNDA:0,(anonymous_5)
FNDA:0,(anonymous_6)
FNDA:32,(anonymous_7)
FNDA:0,(anonymous_8)
FNDA:8,FeatureCard
DA:11,2
DA:12,8
DA:13,8
DA:15,8
DA:38,8
DA:39,0
DA:42,8
DA:43,0
DA:46,8
DA:47,0
DA:50,8
DA:51,0
DA:52,0
DA:53,0
DA:54,0
DA:55,0
DA:59,8
DA:135,32
DA:137,0
DA:157,8
LF:20
LH:11
BRDA:39,0,0,0
BRDA:39,0,1,0
BRDA:43,1,0,0
BRDA:43,1,1,0
BRDA:52,2,0,0
BRDA:52,2,1,0
BRDA:54,3,0,0
BRDA:54,3,1,0
BRDA:139,4,0,8
BRDA:139,4,1,24
BRF:10
BRH:2
end_of_record
TN:
SF:src/components/Sidebar.tsx
FN:4,(anonymous_0)
FN:7,(anonymous_1)
FNF:2
FNH:2
FNDA:8,(anonymous_0)
FNDA:40,(anonymous_1)
DA:4,2
DA:5,8
DA:7,8
DA:8,40
DA:13,8
LF:5
LH:5
BRDA:8,0,0,1
BRDA:8,0,1,39
BRF:2
BRH:2
end_of_record
TN:
SF:src/components/landing.css
FNF:0
FNH:0
LF:0
LH:0
BRF:0
BRH:0
end_of_record
TN:
SF:src/pages/Dashboard.tsx
FN:93,(anonymous_0)
FN:99,(anonymous_1)
FN:107,(anonymous_2)
FN:133,(anonymous_3)
FN:137,(anonymous_4)
FN:140,(anonymous_5)
FN:146,(anonymous_6)
FN:152,(anonymous_7)
FN:157,(anonymous_8)
FN:207,(anonymous_9)
FN:212,(anonymous_10)
FN:224,(anonymous_11)
FN:224,(anonymous_12)
FN:228,(anonymous_13)
FN:259,(anonymous_14)
FN:263,(anonymous_15)
FN:263,(anonymous_16)
FN:266,(anonymous_17)
FN:293,(anonymous_18)
FN:297,(anonymous_19)
FN:298,(anonymous_20)
FN:301,(anonymous_21)
FN:302,(anonymous_22)
FN:306,(anonymous_23)
FN:309,(anonymous_24)
FN:313,(anonymous_25)
FN:317,(anonymous_26)
FN:322,(anonymous_27)
FN:325,(anonymous_28)
FN:334,(anonymous_29)
FN:337,(anonymous_30)
FN:344,(anonymous_31)
FN:346,(anonymous_32)
FN:352,(anonymous_33)
FN:354,(anonymous_34)
FN:363,(anonymous_35)
FN:390,(anonymous_36)
FN:391,(anonymous_37)
FN:396,(anonymous_38)
FN:399,(anonymous_39)
FN:408,(anonymous_40)
FN:409,(anonymous_41)
FN:412,(anonymous_42)
FN:426,(anonymous_43)
FN:434,(anonymous_44)
FN:476,(anonymous_45)
FN:476,(anonymous_46)
FN:494,(anonymous_47)
FN:498,(anonymous_48)
FN:571,(anonymous_49)
FN:571,(anonymous_50)
FN:622,(anonymous_51)
FN:630,(anonymous_52)
FN:649,(anonymous_53)
FN:708,(anonymous_54)
FN:711,(anonymous_55)
FN:747,(anonymous_56)
FN:768,(anonymous_57)
FN:774,(anonymous_58)
FN:800,(anonymous_59)
FN:823,(anonymous_60)
FN:829,(anonymous_61)
FN:861,(anonymous_62)
FN:911,(anonymous_63)
FN:958,(anonymous_64)
FN:969,(anonymous_65)
FN:1016,(anonymous_66)
FNF:67
FNH:47
FNDA:258,(anonymous_0)
FNDA:86,(anonymous_1)
FNDA:86,(anonymous_2)
FNDA:42,(anonymous_3)
FNDA:42,(anonymous_4)
FNDA:17,(anonymous_5)
FNDA:5,(anonymous_6)
FNDA:0,(anonymous_7)
FNDA:4,(anonymous_8)
FNDA:22,(anonymous_9)
FNDA:1,(anonymous_10)
FNDA:1,(anonymous_11)
FNDA:1,(anonymous_12)
FNDA:2,(anonymous_13)
FNDA:1,(anonymous_14)
FNDA:1,(anonymous_15)
FNDA:1,(anonymous_16)
FNDA:2,(anonymous_17)
FNDA:24,(anonymous_18)
FNDA:7,(anonymous_19)
FNDA:7,(anonymous_20)
FNDA:7,(anonymous_21)
FNDA:7,(anonymous_22)
FNDA:22,(anonymous_23)
FNDA:0,(anonymous_24)
FNDA:22,(anonymous_25)
FNDA:33,(anonymous_26)
FNDA:1,(anonymous_27)
FNDA:1,(anonymous_28)
FNDA:1,(anonymous_29)
FNDA:1,(anonymous_30)
FNDA:0,(anonymous_31)
FNDA:0,(anonymous_32)
FNDA:0,(anonymous_33)
FNDA:0,(anonymous_34)
FNDA:22,(anonymous_35)
FNDA:22,(anonymous_36)
FNDA:12,(anonymous_37)
FNDA:22,(anonymous_38)
FNDA:1,(anonymous_39)
FNDA:0,(anonymous_40)
FNDA:0,(anonymous_41)
FNDA:0,(anonymous_42)
FNDA:0,(anonymous_43)
FNDA:0,(anonymous_44)
FNDA:1,(anonymous_45)
FNDA:1,(anonymous_46)
FNDA:0,(anonymous_47)
FNDA:0,(anonymous_48)
FNDA:0,(anonymous_49)
FNDA:0,(anonymous_50)
FNDA:0,(anonymous_51)
FNDA:0,(anonymous_52)
FNDA:0,(anonymous_53)
FNDA:344,(anonymous_54)
FNDA:6,(anonymous_55)
FNDA:7,(anonymous_56)
FNDA:1,(anonymous_57)
FNDA:1,(anonymous_58)
FNDA:10,(anonymous_59)
FNDA:1,(anonymous_60)
FNDA:1,(anonymous_61)
FNDA:1,(anonymous_62)
FNDA:2,(anonymous_63)
FNDA:0,(anonymous_64)
FNDA:1,(anonymous_65)
FNDA:0,(anonymous_66)
DA:69,2
DA:76,2
DA:80,2
DA:93,258
DA:99,2
DA:100,86
DA:101,86
DA:102,86
DA:103,86
DA:107,2
DA:108,86
DA:109,86
DA:110,86
DA:111,86
DA:112,86
DA:113,86
DA:114,86
DA:115,86
DA:116,86
DA:119,86
DA:120,86
DA:121,86
DA:124,86
DA:125,86
DA:126,86
DA:127,86
DA:128,86
DA:129,86
DA:130,86
DA:131,86
DA:133,86
DA:134,42
DA:137,86
DA:140,86
DA:141,17
DA:142,17
DA:143,17
DA:144,17
DA:146,17
DA:149,17
DA:150,17
DA:151,12
DA:152,12
DA:153,12
DA:155,12
DA:156,5
DA:157,5
DA:158,4
DA:159,0
DA:161,5
DA:162,1
DA:175,4
DA:176,1
DA:192,12
DA:193,2
DA:194,2
DA:195,2
DA:197,10
DA:201,0
DA:203,17
DA:207,86
DA:208,22
DA:209,5
DA:212,86
DA:213,1
DA:214,1
DA:216,1
DA:217,1
DA:218,1
DA:220,0
DA:221,0
DA:224,1
DA:227,1
DA:228,1
DA:229,2
DA:230,0
DA:232,1
DA:246,1
DA:248,0
DA:249,0
DA:250,0
DA:251,0
DA:252,0
DA:255,1
DA:259,86
DA:260,1
DA:261,1
DA:262,1
DA:263,1
DA:266,1
DA:267,2
DA:268,0
DA:270,1
DA:283,1
DA:284,1
DA:285,1
DA:286,1
DA:288,1
DA:293,86
DA:294,24
DA:295,24
DA:296,14
DA:297,24
DA:298,24
DA:300,24
DA:301,7
DA:302,7
DA:306,86
DA:307,22
DA:309,22
DA:310,0
DA:312,22
DA:313,22
DA:317,86
DA:318,33
DA:322,86
DA:323,1
DA:324,1
DA:325,1
DA:326,1
DA:327,1
DA:328,1
DA:330,1
DA:334,86
DA:335,1
DA:336,1
DA:337,1
DA:338,1
DA:339,1
DA:340,1
DA:344,86
DA:345,0
DA:346,0
DA:347,0
DA:348,0
DA:352,86
DA:353,0
DA:354,0
DA:355,0
DA:356,0
DA:360,86
DA:363,86
DA:364,22
DA:365,22
DA:366,0
DA:369,0
DA:370,0
DA:371,0
DA:385,0
DA:390,86
DA:391,22
DA:392,12
DA:393,12
DA:395,22
DA:396,22
DA:399,86
DA:400,1
DA:401,1
DA:402,1
DA:403,1
DA:404,1
DA:405,1
DA:408,86
DA:409,0
DA:412,86
DA:413,0
DA:414,0
DA:415,0
DA:417,0
DA:418,0
DA:419,0
DA:426,0
DA:429,0
DA:430,0
DA:432,0
DA:434,0
DA:435,0
DA:436,0
DA:437,0
DA:439,0
DA:440,0
DA:441,0
DA:442,0
DA:444,0
DA:445,0
DA:446,0
DA:448,0
DA:453,86
DA:476,1
DA:494,0
DA:498,0
DA:571,0
DA:622,0
DA:630,0
DA:649,0
DA:709,344
DA:711,6
DA:748,7
DA:749,7
DA:768,1
DA:774,1
DA:801,10
DA:802,10
DA:823,1
DA:829,1
DA:862,1
DA:867,1
DA:868,1
DA:912,2
DA:913,2
DA:958,0
DA:970,1
DA:971,1
DA:972,1
DA:973,1
DA:1016,0
LF:216
LH:160
BRDA:93,0,0,258
BRDA:101,1,0,0
BRDA:101,1,1,86
BRDA:102,2,0,0
BRDA:102,2,1,86
BRDA:134,3,0,42
BRDA:134,3,1,15
BRDA:150,4,0,12
BRDA:150,4,1,5
BRDA:151,5,0,12
BRDA:151,5,1,12
BRDA:156,6,0,0
BRDA:156,6,1,5
BRDA:158,7,0,4
BRDA:158,7,1,0
BRDA:158,8,0,4
BRDA:158,8,1,4
BRDA:159,9,0,0
BRDA:159,9,1,0
BRDA:159,9,2,0
BRDA:161,10,0,1
BRDA:161,10,1,4
BRDA:175,11,0,1
BRDA:175,11,1,3
BRDA:192,12,0,2
BRDA:192,12,1,10
BRDA:208,13,0,17
BRDA:208,13,1,5
BRDA:229,14,0,2
BRDA:229,14,1,0
BRDA:229,15,0,2
BRDA:229,15,1,2
BRDA:230,16,0,0
BRDA:230,16,1,0
BRDA:230,16,2,0
BRDA:234,17,0,0
BRDA:234,17,1,1
BRDA:246,18,0,0
BRDA:246,18,1,1
BRDA:248,19,0,0
BRDA:248,19,1,0
BRDA:267,20,0,2
BRDA:267,20,1,0
BRDA:267,21,0,2
BRDA:267,21,1,2
BRDA:268,22,0,0
BRDA:268,22,1,0
BRDA:268,22,2,0
BRDA:283,23,0,1
BRDA:283,23,1,1
BRDA:295,24,0,10
BRDA:295,24,1,14
BRDA:296,25,0,14
BRDA:296,25,1,7
BRDA:297,26,0,7
BRDA:297,26,1,6
BRDA:301,27,0,7
BRDA:301,27,1,1
BRDA:301,27,2,1
BRDA:302,28,0,7
BRDA:302,28,1,1
BRDA:310,29,0,0
BRDA:310,29,1,0
BRDA:318,30,0,4
BRDA:318,30,1,29
BRDA:318,31,0,33
BRDA:318,31,1,4
BRDA:324,32,0,1
BRDA:324,32,1,0
BRDA:325,33,0,1
BRDA:325,33,1,0
BRDA:336,34,0,1
BRDA:336,34,1,0
BRDA:337,35,0,1
BRDA:337,35,1,0
BRDA:345,36,0,0
BRDA:345,36,1,0
BRDA:353,37,0,0
BRDA:353,37,1,0
BRDA:365,38,0,0
BRDA:365,38,1,22
BRDA:369,39,0,0
BRDA:369,39,1,0
BRDA:372,40,0,0
BRDA:372,40,1,0
BRDA:373,41,0,0
BRDA:373,41,1,0
BRDA:376,42,0,0
BRDA:376,42,1,0
BRDA:377,43,0,0
BRDA:377,43,1,0
BRDA:379,44,0,0
BRDA:379,44,1,0
BRDA:380,45,0,0
BRDA:380,45,1,0
BRDA:392,46,0,10
BRDA:392,46,1,2
BRDA:392,47,0,12
BRDA:392,47,1,12
BRDA:393,48,0,12
BRDA:393,48,1,0
BRDA:393,49,0,12
BRDA:393,49,1,12
BRDA:413,50,0,0
BRDA:413,50,1,0
BRDA:413,51,0,0
BRDA:413,51,1,0
BRDA:422,52,0,0
BRDA:422,52,1,0
BRDA:423,53,0,0
BRDA:423,53,1,0
BRDA:424,54,0,0
BRDA:424,54,1,0
BRDA:425,55,0,0
BRDA:425,55,1,0
BRDA:426,56,0,0
BRDA:426,56,1,0
BRDA:427,57,0,0
BRDA:427,57,1,0
BRDA:432,58,0,0
BRDA:432,58,1,0
BRDA:436,59,0,0
BRDA:436,59,1,0
BRDA:439,60,0,0
BRDA:439,60,1,0
BRDA:439,61,0,0
BRDA:439,61,1,0
BRDA:444,62,0,0
BRDA:444,62,1,0
BRDA:486,63,0,86
BRDA:486,63,1,3
BRDA:583,64,0,86
BRDA:583,64,1,0
BRDA:658,65,0,0
BRDA:658,65,1,0
BRDA:713,66,0,86
BRDA:713,66,1,258
BRDA:719,67,0,344
BRDA:719,67,1,33
BRDA:721,68,0,21
BRDA:721,68,1,12
BRDA:731,69,0,86
BRDA:731,69,1,68
BRDA:733,70,0,34
BRDA:733,70,1,34
BRDA:737,71,0,27
BRDA:737,71,1,7
BRDA:771,72,0,2
BRDA:771,72,1,5
BRDA:777,73,0,2
BRDA:777,73,1,5
BRDA:788,74,0,86
BRDA:788,74,1,12
BRDA:790,75,0,2
BRDA:790,75,1,10
BRDA:843,76,0,86
BRDA:843,76,1,2
BRDA:845,77,0,1
BRDA:845,77,1,1
BRDA:898,78,0,86
BRDA:898,78,1,4
BRDA:900,79,0,1
BRDA:900,79,1,3
BRDA:919,80,0,1
BRDA:919,80,1,1
BRDA:925,81,0,1
BRDA:925,81,1,1
BRDA:932,82,0,1
BRDA:932,82,1,1
BRDA:972,83,0,0
BRDA:972,83,1,1
BRDA:979,84,0,1
BRDA:979,84,1,0
BRDA:985,85,0,1
BRDA:985,85,1,0
BRDA:992,86,0,1
BRDA:992,86,1,0
BRF:177
BRH:99
end_of_record
TN:
SF:src/pages/Explore.tsx
FN:39,(anonymous_0)
FN:57,(anonymous_1)
FN:63,(anonymous_2)
FN:74,(anonymous_3)
FN:76,(anonymous_4)
FN:81,(anonymous_5)
FN:90,(anonymous_6)
FN:96,(anonymous_7)
FN:102,(anonymous_8)
FN:103,(anonymous_9)
FN:109,(anonymous_10)
FN:123,(anonymous_11)
FN:125,(anonymous_12)
FN:130,(anonymous_13)
FN:131,(anonymous_14)
FN:138,(anonymous_15)
FN:142,(anonymous_16)
FN:147,(anonymous_17)
FN:165,(anonymous_18)
FN:167,(anonymous_19)
FN:170,(anonymous_20)
FN:175,(anonymous_21)
FN:179,(anonymous_22)
FN:187,(anonymous_23)
FN:192,(anonymous_24)
FN:194,(anonymous_25)
FN:212,(anonymous_26)
FN:215,(anonymous_27)
FN:250,(anonymous_28)
FN:251,(anonymous_29)
FN:256,(anonymous_30)
FN:304,(anonymous_31)
FN:370,(anonymous_32)
FN:382,(anonymous_33)
FN:382,(anonymous_34)
FN:392,(anonymous_35)
FN:403,(anonymous_36)
FN:414,(anonymous_37)
FN:445,(anonymous_38)
FN:461,(anonymous_39)
FN:542,(anonymous_40)
FN:552,(anonymous_41)
FN:559,(anonymous_42)
FN:572,(anonymous_43)
FN:586,(anonymous_44)
FN:615,(anonymous_45)
FN:628,(anonymous_46)
FN:656,(anonymous_47)
FNF:48
FNH:25
FNDA:156,(anonymous_0)
FNDA:38,(anonymous_1)
FNDA:45,(anonymous_2)
FNDA:153,(anonymous_3)
FNDA:35,(anonymous_4)
FNDA:0,(anonymous_5)
FNDA:19,(anonymous_6)
FNDA:2,(anonymous_7)
FNDA:13,(anonymous_8)
FNDA:13,(anonymous_9)
FNDA:1,(anonymous_10)
FNDA:13,(anonymous_11)
FNDA:0,(anonymous_12)
FNDA:2,(anonymous_13)
FNDA:2,(anonymous_14)
FNDA:10,(anonymous_15)
FNDA:4,(anonymous_16)
FNDA:0,(anonymous_17)
FNDA:0,(anonymous_18)
FNDA:0,(anonymous_19)
FNDA:0,(anonymous_20)
FNDA:0,(anonymous_21)
FNDA:3,(anonymous_22)
FNDA:1,(anonymous_23)
FNDA:1,(anonymous_24)
FNDA:1,(anonymous_25)
FNDA:2,(anonymous_26)
FNDA:0,(anonymous_27)
FNDA:5,(anonymous_28)
FNDA:1,(anonymous_29)
FNDA:0,(anonymous_30)
FNDA:19,(anonymous_31)
FNDA:20,(anonymous_32)
FNDA:0,(anonymous_33)
FNDA:0,(anonymous_34)
FNDA:0,(anonymous_35)
FNDA:0,(anonymous_36)
FNDA:3,(anonymous_37)
FNDA:0,(anonymous_38)
FNDA:0,(anonymous_39)
FNDA:0,(anonymous_40)
FNDA:0,(anonymous_41)
FNDA:0,(anonymous_42)
FNDA:0,(anonymous_43)
FNDA:0,(anonymous_44)
FNDA:0,(anonymous_45)
FNDA:0,(anonymous_46)
FNDA:0,(anonymous_47)
DA:39,156
DA:45,2
DA:46,2
DA:54,2
DA:57,38
DA:59,2
DA:60,2
DA:63,2
DA:64,45
DA:65,45
DA:66,45
DA:67,45
DA:68,45
DA:69,45
DA:70,45
DA:71,45
DA:72,45
DA:74,153
DA:76,45
DA:77,35
DA:81,45
DA:82,0
DA:83,0
DA:85,0
DA:90,45
DA:91,19
DA:92,0
DA:96,45
DA:97,2
DA:98,0
DA:102,45
DA:103,13
DA:104,13
DA:105,13
DA:106,13
DA:107,13
DA:109,13
DA:110,1
DA:112,13
DA:114,0
DA:116,13
DA:119,13
DA:123,45
DA:124,13
DA:125,13
DA:127,13
DA:128,13
DA:129,6
DA:130,6
DA:131,6
DA:136,45
DA:138,10
DA:142,4
DA:147,45
DA:148,0
DA:165,45
DA:166,0
DA:167,0
DA:169,0
DA:170,0
DA:172,0
DA:174,0
DA:175,0
DA:179,45
DA:180,3
DA:181,3
DA:183,3
DA:185,3
DA:186,3
DA:187,1
DA:190,3
DA:192,1
DA:193,1
DA:194,1
DA:197,2
DA:210,2
DA:211,2
DA:212,2
DA:215,3
DA:219,45
DA:250,5
DA:251,1
DA:256,0
DA:305,19
DA:308,19
DA:309,19
DA:310,19
DA:311,19
DA:312,19
DA:313,19
DA:314,19
DA:315,19
DA:371,20
DA:382,0
DA:392,0
DA:403,0
DA:414,3
DA:445,0
DA:461,0
DA:543,0
DA:552,0
DA:559,0
DA:572,0
DA:587,0
DA:588,0
DA:589,0
DA:615,0
DA:628,0
DA:656,0
LF:109
LH:79
BRDA:39,0,0,156
BRDA:77,1,0,35
BRDA:77,1,1,17
BRDA:82,2,0,0
BRDA:82,2,1,0
BRDA:91,3,0,19
BRDA:91,3,1,0
BRDA:97,4,0,2
BRDA:97,4,1,0
BRDA:97,5,0,2
BRDA:97,5,1,2
BRDA:98,6,0,0
BRDA:98,6,1,0
BRDA:98,6,2,0
BRDA:124,7,0,13
BRDA:124,7,1,13
BRDA:128,8,0,6
BRDA:128,8,1,7
BRDA:129,9,0,6
BRDA:129,9,1,4
BRDA:130,10,0,2
BRDA:130,10,1,2
BRDA:136,11,0,5
BRDA:136,11,1,40
BRDA:138,12,0,10
BRDA:138,12,1,0
BRDA:138,12,2,10
BRDA:138,12,3,0
BRDA:138,12,4,5
BRDA:138,12,5,0
BRDA:138,12,6,4
BRDA:153,13,0,0
BRDA:153,13,1,0
BRDA:154,14,0,0
BRDA:154,14,1,0
BRDA:155,15,0,0
BRDA:155,15,1,0
BRDA:156,16,0,0
BRDA:156,16,1,0
BRDA:158,17,0,0
BRDA:158,17,1,0
BRDA:166,18,0,0
BRDA:166,18,1,0
BRDA:169,19,0,0
BRDA:169,19,1,0
BRDA:181,20,0,0
BRDA:181,20,1,3
BRDA:181,21,0,3
BRDA:181,21,1,3
BRDA:185,22,0,3
BRDA:185,22,1,2
BRDA:187,23,0,1
BRDA:187,23,1,1
BRDA:187,23,2,1
BRDA:190,24,0,1
BRDA:190,24,1,2
BRDA:200,25,0,2
BRDA:200,25,1,0
BRDA:202,26,0,2
BRDA:202,26,1,0
BRDA:229,27,0,45
BRDA:229,27,1,29
BRDA:250,28,0,5
BRDA:250,28,1,0
BRDA:251,29,0,0
BRDA:251,29,1,1
BRDA:255,30,0,45
BRDA:255,30,1,5
BRDA:261,31,0,30
BRDA:261,31,1,15
BRDA:270,32,0,34
BRDA:270,32,1,11
BRDA:273,33,0,45
BRDA:273,33,1,29
BRDA:286,34,0,26
BRDA:286,34,1,19
BRDA:290,35,0,2
BRDA:290,35,1,17
BRDA:294,36,0,0
BRDA:294,36,1,2
BRDA:297,37,0,0
BRDA:297,37,1,2
BRDA:305,38,0,19
BRDA:305,38,1,0
BRDA:308,39,0,19
BRDA:308,39,1,0
BRDA:308,40,0,19
BRDA:308,40,1,0
BRDA:311,41,0,19
BRDA:311,41,1,9
BRDA:340,42,0,19
BRDA:340,42,1,0
BRDA:340,43,0,19
BRDA:340,43,1,19
BRDA:342,44,0,0
BRDA:342,44,1,0
BRDA:342,44,2,0
BRDA:352,45,0,19
BRDA:352,45,1,19
BRDA:352,45,2,19
BRDA:357,46,0,19
BRDA:357,46,1,19
BRDA:364,47,0,19
BRDA:364,47,1,19
BRDA:368,48,0,19
BRDA:368,48,1,19
BRDA:373,49,0,19
BRDA:373,49,1,0
BRDA:388,50,0,19
BRDA:388,50,1,17
BRDA:401,51,0,19
BRDA:401,51,1,17
BRDA:404,52,0,0
BRDA:404,52,1,17
BRDA:405,53,0,0
BRDA:405,53,1,17
BRDA:407,54,0,0
BRDA:407,54,1,17
BRDA:411,55,0,19
BRDA:411,55,1,17
BRDA:411,55,2,16
BRDA:416,56,0,4
BRDA:416,56,1,12
BRDA:419,57,0,3
BRDA:419,57,1,13
BRDA:421,58,0,4
BRDA:421,58,1,12
BRDA:435,59,0,45
BRDA:435,59,1,0
BRDA:475,60,0,0
BRDA:475,60,1,0
BRDA:475,61,0,0
BRDA:475,61,1,0
BRDA:477,62,0,0
BRDA:477,62,1,0
BRDA:477,62,2,0
BRDA:502,63,0,0
BRDA:502,63,1,0
BRDA:509,64,0,0
BRDA:509,64,1,0
BRDA:516,65,0,0
BRDA:516,65,1,0
BRDA:518,66,0,0
BRDA:518,66,1,0
BRDA:523,67,0,0
BRDA:523,67,1,0
BRDA:531,68,0,0
BRDA:531,68,1,0
BRDA:538,69,0,0
BRDA:538,69,1,0
BRDA:557,70,0,0
BRDA:557,70,1,0
BRDA:561,71,0,0
BRDA:561,71,1,0
BRDA:566,72,0,0
BRDA:566,72,1,0
BRDA:569,73,0,0
BRDA:569,73,1,0
BRDA:569,73,2,0
BRDA:574,74,0,0
BRDA:574,74,1,0
BRDA:577,75,0,0
BRDA:577,75,1,0
BRDA:579,76,0,0
BRDA:579,76,1,0
BRDA:582,77,0,0
BRDA:582,77,1,0
BRDA:605,78,0,45
BRDA:605,78,1,0
BRF:169
BRH:87
end_of_record
TN:
SF:src/pages/Login.tsx
FN:8,(anonymous_0)
FN:20,(anonymous_1)
FN:52,(anonymous_2)
FN:68,(anonymous_3)
FN:106,(anonymous_4)
FN:120,(anonymous_5)
FN:127,(anonymous_6)
FN:172,(anonymous_7)
FN:197,(anonymous_8)
FN:222,(anonymous_9)
FNF:10
FNH:5
FNDA:83,(anonymous_0)
FNDA:4,(anonymous_1)
FNDA:0,(anonymous_2)
FNDA:0,(anonymous_3)
FNDA:29,(anonymous_4)
FNDA:36,(anonymous_5)
FNDA:1,(anonymous_6)
FNDA:0,(anonymous_7)
FNDA:0,(anonymous_8)
FNDA:0,(anonymous_9)
DA:8,2
DA:9,83
DA:10,83
DA:11,83
DA:12,83
DA:13,83
DA:14,83
DA:15,83
DA:16,83
DA:17,83
DA:18,83
DA:20,83
DA:21,4
DA:22,4
DA:23,4
DA:25,4
DA:26,4
DA:27,1
DA:28,1
DA:31,3
DA:33,2
DA:34,2
DA:35,2
DA:36,2
DA:42,2
DA:45,1
DA:46,1
DA:48,4
DA:52,83
DA:53,0
DA:54,0
DA:55,0
DA:57,0
DA:58,0
DA:59,0
DA:60,0
DA:64,0
DA:66,0
DA:67,0
DA:68,0
DA:70,0
DA:72,0
DA:76,83
DA:106,29
DA:120,36
DA:127,1
DA:172,0
DA:197,0
DA:222,0
LF:49
LH:33
BRDA:26,0,0,1
BRDA:26,0,1,3
BRDA:26,1,0,4
BRDA:26,1,1,3
BRDA:35,2,0,2
BRDA:35,2,1,0
BRDA:45,3,0,1
BRDA:45,3,1,0
BRDA:58,4,0,0
BRDA:58,4,1,0
BRDA:91,5,0,83
BRDA:91,5,1,0
BRDA:117,6,0,1
BRDA:117,6,1,82
BRDA:130,7,0,1
BRDA:130,7,1,82
BRDA:139,8,0,83
BRDA:139,8,1,2
BRDA:146,9,0,3
BRDA:146,9,1,80
BRDA:203,10,0,0
BRDA:203,10,1,0
BRDA:204,11,0,0
BRDA:204,11,1,0
BRDA:214,12,0,0
BRDA:214,12,1,0
BRF:26
BRH:15
end_of_record
TN:
SF:src/pages/Matches.tsx
FN:53,(anonymous_0)
FN:59,(anonymous_1)
FN:62,(anonymous_2)
FN:76,(anonymous_3)
FN:85,(anonymous_4)
FN:91,(anonymous_5)
FN:93,(anonymous_6)
FN:98,(anonymous_7)
FN:104,(anonymous_8)
FN:114,(anonymous_9)
FN:120,(anonymous_10)
FN:124,(anonymous_11)
FN:132,(anonymous_12)
FN:136,(anonymous_13)
FN:240,(anonymous_14)
FN:296,(anonymous_15)
FN:370,(anonymous_16)
FN:396,(anonymous_17)
FN:408,(anonymous_18)
FN:430,(anonymous_19)
FN:502,(anonymous_20)
FNF:21
FNH:15
FNDA:53,(anonymous_0)
FNDA:6,(anonymous_1)
FNDA:1,(anonymous_2)
FNDA:1,(anonymous_3)
FNDA:22,(anonymous_4)
FNDA:31,(anonymous_5)
FNDA:10,(anonymous_6)
FNDA:8,(anonymous_7)
FNDA:3,(anonymous_8)
FNDA:8,(anonymous_9)
FNDA:4,(anonymous_10)
FNDA:9,(anonymous_11)
FNDA:0,(anonymous_12)
FNDA:9,(anonymous_13)
FNDA:2,(anonymous_14)
FNDA:1,(anonymous_15)
FNDA:0,(anonymous_16)
FNDA:0,(anonymous_17)
FNDA:0,(anonymous_18)
FNDA:0,(anonymous_19)
FNDA:0,(anonymous_20)
DA:53,53
DA:59,6
DA:62,2
DA:63,1
DA:64,1
DA:70,2
DA:76,2
DA:77,1
DA:78,0
DA:79,0
DA:82,2
DA:85,2
DA:86,22
DA:87,22
DA:88,22
DA:89,22
DA:91,31
DA:93,22
DA:94,10
DA:98,22
DA:99,8
DA:100,8
DA:101,8
DA:103,8
DA:104,3
DA:107,0
DA:109,8
DA:114,22
DA:115,8
DA:116,8
DA:117,4
DA:119,8
DA:120,4
DA:124,22
DA:125,9
DA:126,8
DA:127,8
DA:129,1
DA:132,9
DA:133,0
DA:135,9
DA:136,9
DA:142,22
DA:143,2
DA:170,20
DA:241,2
DA:242,2
DA:243,2
DA:244,2
DA:297,1
DA:298,1
DA:299,1
DA:370,0
DA:396,0
DA:408,0
DA:431,0
DA:432,0
DA:502,0
LF:58
LH:48
BRDA:53,0,0,53
BRDA:77,1,0,1
BRDA:77,1,1,0
BRDA:78,2,0,0
BRDA:78,2,1,0
BRDA:94,3,0,10
BRDA:94,3,1,4
BRDA:116,4,0,4
BRDA:116,4,1,4
BRDA:117,5,0,4
BRDA:117,5,1,0
BRDA:120,6,0,4
BRDA:120,6,1,3
BRDA:120,6,2,2
BRDA:125,7,0,8
BRDA:125,7,1,1
BRDA:133,8,0,0
BRDA:133,8,1,0
BRDA:142,9,0,2
BRDA:142,9,1,20
BRDA:196,10,0,19
BRDA:196,10,1,1
BRDA:198,11,0,22
BRDA:198,11,1,4
BRDA:200,12,0,0
BRDA:200,12,1,4
BRDA:212,13,0,12
BRDA:212,13,1,8
BRDA:216,14,0,5
BRDA:216,14,1,3
BRDA:216,15,0,8
BRDA:216,15,1,7
BRDA:233,16,0,3
BRDA:233,16,1,2
BRDA:243,17,0,1
BRDA:243,17,1,1
BRDA:260,18,0,1
BRDA:260,18,1,1
BRDA:287,19,0,3
BRDA:287,19,1,1
BRDA:289,20,0,1
BRDA:289,20,1,0
BRDA:297,21,0,1
BRDA:297,21,1,0
BRDA:317,22,0,1
BRDA:317,22,1,0
BRDA:317,22,2,1
BRDA:341,23,0,1
BRDA:341,23,1,0
BRDA:355,24,0,1
BRDA:355,24,1,1
BRDA:355,24,2,1
BRDA:360,25,0,1
BRDA:360,25,1,1
BRDA:389,26,0,22
BRDA:389,26,1,0
BRDA:425,27,0,0
BRDA:425,27,1,0
BRDA:425,27,2,0
BRDA:431,28,0,0
BRDA:431,28,1,0
BRDA:469,29,0,0
BRDA:469,29,1,0
BRDA:472,30,0,0
BRDA:472,30,1,0
BRDA:478,31,0,0
BRDA:478,31,1,0
BRDA:484,32,0,0
BRDA:484,32,1,0
BRDA:487,33,0,0
BRDA:487,33,1,0
BRDA:493,34,0,0
BRDA:493,34,1,0
BRF:73
BRH:44
end_of_record
TN:
SF:src/pages/Profile.tsx
FN:8,(anonymous_0)
FN:51,(anonymous_1)
FN:84,(anonymous_2)
FN:85,(anonymous_3)
FN:89,(anonymous_4)
FN:92,(anonymous_5)
FN:99,(anonymous_6)
FN:103,(anonymous_7)
FN:108,(anonymous_8)
FN:113,(anonymous_9)
FN:114,(anonymous_10)
FN:118,(anonymous_11)
FN:122,(anonymous_12)
FN:124,(anonymous_13)
FN:126,(anonymous_14)
FN:134,(anonymous_15)
FN:135,(anonymous_16)
FN:138,(anonymous_17)
FN:141,(anonymous_18)
FN:148,(anonymous_19)
FN:149,(anonymous_20)
FN:149,(anonymous_21)
FN:152,(anonymous_22)
FN:158,(anonymous_23)
FN:204,(anonymous_24)
FN:204,(anonymous_25)
FN:231,(anonymous_26)
FN:239,(anonymous_27)
FN:247,(anonymous_28)
FN:401,(anonymous_29)
FN:406,(anonymous_30)
FN:412,(anonymous_31)
FN:424,(anonymous_32)
FN:447,(anonymous_33)
FN:452,(anonymous_34)
FN:458,(anonymous_35)
FN:470,(anonymous_36)
FN:493,(anonymous_37)
FN:499,(anonymous_38)
FN:505,(anonymous_39)
FN:517,(anonymous_40)
FN:540,(anonymous_41)
FN:545,(anonymous_42)
FN:551,(anonymous_43)
FN:569,(anonymous_44)
FN:594,(anonymous_45)
FN:599,(anonymous_46)
FN:615,(anonymous_47)
FN:619,(anonymous_48)
FN:620,(anonymous_49)
FN:620,(anonymous_50)
FN:621,(anonymous_51)
FN:633,(anonymous_52)
FN:642,(anonymous_53)
FN:646,(anonymous_54)
FN:661,(anonymous_55)
FN:667,(anonymous_56)
FN:679,(anonymous_57)
FN:690,(anonymous_58)
FN:712,(anonymous_59)
FN:720,(anonymous_60)
FN:726,(anonymous_61)
FN:739,(anonymous_62)
FNF:63
FNH:44
FNDA:199,(anonymous_0)
FNDA:199,(anonymous_1)
FNDA:22,(anonymous_2)
FNDA:34,(anonymous_3)
FNDA:22,(anonymous_4)
FNDA:1,(anonymous_5)
FNDA:1,(anonymous_6)
FNDA:0,(anonymous_7)
FNDA:0,(anonymous_8)
FNDA:0,(anonymous_9)
FNDA:0,(anonymous_10)
FNDA:0,(anonymous_11)
FNDA:0,(anonymous_12)
FNDA:0,(anonymous_13)
FNDA:0,(anonymous_14)
FNDA:33,(anonymous_15)
FNDA:33,(anonymous_16)
FNDA:4,(anonymous_17)
FNDA:4,(anonymous_18)
FNDA:1,(anonymous_19)
FNDA:1,(anonymous_20)
FNDA:1,(anonymous_21)
FNDA:6567,(anonymous_22)
FNDA:5,(anonymous_23)
FNDA:2,(anonymous_24)
FNDA:2,(anonymous_25)
FNDA:0,(anonymous_26)
FNDA:0,(anonymous_27)
FNDA:0,(anonymous_28)
FNDA:17,(anonymous_29)
FNDA:1,(anonymous_30)
FNDA:1,(anonymous_31)
FNDA:2,(anonymous_32)
FNDA:0,(anonymous_33)
FNDA:1,(anonymous_34)
FNDA:0,(anonymous_35)
FNDA:2,(anonymous_36)
FNDA:16,(anonymous_37)
FNDA:1,(anonymous_38)
FNDA:0,(anonymous_39)
FNDA:1,(anonymous_40)
FNDA:0,(anonymous_41)
FNDA:0,(anonymous_42)
FNDA:0,(anonymous_43)
FNDA:1,(anonymous_44)
FNDA:8,(anonymous_45)
FNDA:1,(anonymous_46)
FNDA:47,(anonymous_47)
FNDA:62,(anonymous_48)
FNDA:6,(anonymous_49)
FNDA:5,(anonymous_50)
FNDA:47,(anonymous_51)
FNDA:3,(anonymous_52)
FNDA:992,(anonymous_53)
FNDA:1,(anonymous_54)
FNDA:1,(anonymous_55)
FNDA:0,(anonymous_56)
FNDA:1,(anonymous_57)
FNDA:5,(anonymous_58)
FNDA:0,(anonymous_59)
FNDA:1,(anonymous_60)
FNDA:1,(anonymous_61)
FNDA:2,(anonymous_62)
DA:8,199
DA:14,2
DA:51,2
DA:52,199
DA:53,199
DA:54,199
DA:55,199
DA:58,199
DA:72,199
DA:73,199
DA:74,199
DA:75,199
DA:76,199
DA:77,199
DA:78,199
DA:79,199
DA:80,199
DA:81,199
DA:84,199
DA:85,22
DA:86,34
DA:88,22
DA:89,22
DA:92,199
DA:93,1
DA:94,1
DA:95,1
DA:96,1
DA:99,199
DA:100,1
DA:103,199
DA:104,0
DA:105,0
DA:108,199
DA:109,0
DA:110,0
DA:113,199
DA:114,0
DA:115,0
DA:118,199
DA:119,0
DA:120,0
DA:121,0
DA:122,0
DA:123,0
DA:124,0
DA:126,0
DA:127,0
DA:129,0
DA:130,0
DA:134,199
DA:135,33
DA:138,199
DA:139,4
DA:140,4
DA:141,4
DA:142,4
DA:143,4
DA:145,4
DA:148,199
DA:149,1
DA:152,199
DA:153,6567
DA:154,6567
DA:155,6567
DA:158,199
DA:160,5
DA:163,5
DA:165,1
DA:166,1
DA:168,1
DA:169,1
DA:171,1
DA:172,1
DA:174,0
DA:175,0
DA:177,1
DA:178,1
DA:180,1
DA:181,1
DA:186,199
DA:204,2
DA:231,0
DA:239,0
DA:247,0
DA:401,17
DA:406,1
DA:412,1
DA:424,2
DA:447,0
DA:452,1
DA:458,0
DA:470,2
DA:493,16
DA:499,1
DA:505,0
DA:517,1
DA:540,0
DA:545,0
DA:551,0
DA:569,1
DA:595,8
DA:599,1
DA:616,47
DA:617,47
DA:619,62
DA:620,6
DA:622,47
DA:623,0
DA:624,0
DA:633,3
DA:643,992
DA:646,1
DA:661,1
DA:667,0
DA:680,1
DA:690,5
DA:712,0
DA:720,1
DA:726,1
DA:739,2
LF:121
LH:90
BRDA:8,0,0,199
BRDA:86,1,0,31
BRDA:86,1,1,3
BRDA:86,2,0,34
BRDA:86,2,1,34
BRDA:120,3,0,0
BRDA:120,3,1,0
BRDA:140,4,0,0
BRDA:140,4,1,4
BRDA:142,5,0,0
BRDA:142,5,1,4
BRDA:154,6,0,6567
BRDA:154,6,1,3102
BRDA:154,6,2,2948
BRDA:155,7,0,6567
BRDA:155,7,1,3801
BRDA:163,8,0,1
BRDA:163,8,1,1
BRDA:163,8,2,1
BRDA:163,8,3,0
BRDA:163,8,4,1
BRDA:163,8,5,1
BRDA:206,9,0,2
BRDA:206,9,1,197
BRDA:221,10,0,199
BRDA:221,10,1,2
BRDA:288,11,0,0
BRDA:288,11,1,199
BRDA:310,12,0,199
BRDA:310,12,1,1
BRDA:332,13,0,1
BRDA:332,13,1,0
BRDA:396,14,0,21
BRDA:396,14,1,178
BRDA:442,15,0,3
BRDA:442,15,1,196
BRDA:488,16,0,19
BRDA:488,16,1,180
BRDA:514,17,0,180
BRDA:514,17,1,179
BRDA:535,18,0,1
BRDA:535,18,1,198
BRDA:560,19,0,0
BRDA:560,19,1,198
BRDA:587,20,0,119
BRDA:587,20,1,80
BRDA:591,21,0,111
BRDA:591,21,1,8
BRDA:622,22,0,0
BRDA:622,22,1,47
BRDA:640,23,0,119
BRDA:640,23,1,114
BRDA:640,23,2,94
BRDA:677,24,0,1
BRDA:677,24,1,79
BRDA:708,25,0,4
BRDA:708,25,1,195
BRDA:736,26,0,195
BRDA:736,26,1,195
BRF:59
BRH:50
end_of_record
TN:
SF:src/pages/Signup.tsx
FN:8,(anonymous_0)
FN:23,(anonymous_1)
FN:85,(anonymous_2)
FN:98,(anonymous_3)
FN:111,(anonymous_4)
FN:123,(anonymous_5)
FN:136,(anonymous_6)
FN:149,(anonymous_7)
FN:163,(anonymous_8)
FN:170,(anonymous_9)
FN:190,(anonymous_10)
FN:197,(anonymous_11)
FNF:12
FNH:8
FNDA:206,(anonymous_0)
FNDA:5,(anonymous_1)
FNDA:16,(anonymous_2)
FNDA:12,(anonymous_3)
FNDA:0,(anonymous_4)
FNDA:0,(anonymous_5)
FNDA:64,(anonymous_6)
FNDA:28,(anonymous_7)
FNDA:36,(anonymous_8)
FNDA:0,(anonymous_9)
FNDA:34,(anonymous_10)
FNDA:0,(anonymous_11)
DA:8,2
DA:9,206
DA:10,206
DA:11,206
DA:12,206
DA:13,206
DA:14,206
DA:15,206
DA:16,206
DA:17,206
DA:18,206
DA:19,206
DA:20,206
DA:21,206
DA:23,206
DA:24,5
DA:25,5
DA:26,5
DA:28,5
DA:30,5
DA:31,1
DA:32,1
DA:35,4
DA:36,1
DA:37,1
DA:40,3
DA:41,1
DA:42,1
DA:45,2
DA:46,5
DA:48,1
DA:50,1
DA:51,1
DA:53,5
DA:57,206
DA:85,16
DA:98,12
DA:111,0
DA:123,0
DA:136,64
DA:149,28
DA:163,36
DA:170,0
DA:190,34
DA:197,0
LF:45
LH:41
BRDA:30,0,0,1
BRDA:30,0,1,4
BRDA:30,1,0,5
BRDA:30,1,1,4
BRDA:30,1,2,4
BRDA:30,1,3,4
BRDA:30,1,4,4
BRDA:30,1,5,4
BRDA:35,2,0,1
BRDA:35,2,1,3
BRDA:40,3,0,1
BRDA:40,3,1,2
BRDA:45,4,0,2
BRDA:45,4,1,2
BRDA:50,5,0,1
BRDA:50,5,1,0
BRDA:160,6,0,0
BRDA:160,6,1,206
BRDA:173,7,0,0
BRDA:173,7,1,206
BRDA:187,8,0,0
BRDA:187,8,1,206
BRDA:200,9,0,0
BRDA:200,9,1,206
BRDA:209,10,0,206
BRDA:209,10,1,4
BRDA:216,11,0,2
BRDA:216,11,1,204
BRF:28
BRH:23
end_of_record
TN:
SF:src/pages/Suggestions.tsx
FN:3,(anonymous_0)
FNF:1
FNH:1
FNDA:2,(anonymous_0)
DA:3,2
DA:4,2
LF:2
LH:2
BRF:0
BRH:0
end_of_record
TN:
SF:src/pages/Trips.tsx
FN:40,(anonymous_0)
FN:87,(anonymous_1)
FN:98,(anonymous_2)
FN:99,(anonymous_3)
FN:101,(anonymous_4)
FN:108,(anonymous_5)
FN:123,(anonymous_6)
FN:126,(anonymous_7)
FN:126,(anonymous_8)
FN:153,(anonymous_9)
FN:159,(anonymous_10)
FN:161,(anonymous_11)
FN:162,(anonymous_12)
FN:176,(anonymous_13)
FN:177,(anonymous_14)
FN:178,(anonymous_15)
FN:185,(anonymous_16)
FN:200,(anonymous_17)
FN:205,(anonymous_18)
FN:216,(anonymous_19)
FN:223,(anonymous_20)
FN:224,(anonymous_21)
FN:294,(anonymous_22)
FN:297,(anonymous_23)
FN:356,(anonymous_24)
FN:386,(anonymous_25)
FN:396,(anonymous_26)
FN:410,(anonymous_27)
FN:419,(anonymous_28)
FN:431,(anonymous_29)
FN:435,(anonymous_30)
FN:445,(anonymous_31)
FN:454,(anonymous_32)
FN:457,(anonymous_33)
FN:470,(anonymous_34)
FN:481,(anonymous_35)
FN:546,(anonymous_36)
FN:568,(anonymous_37)
FN:574,(anonymous_38)
FN:615,(anonymous_39)
FN:674,(anonymous_40)
FN:689,(anonymous_41)
FNF:42
FNH:32
FNDA:252,(anonymous_0)
FNDA:100,(anonymous_1)
FNDA:24,(anonymous_2)
FNDA:24,(anonymous_3)
FNDA:24,(anonymous_4)
FNDA:11,(anonymous_5)
FNDA:11,(anonymous_6)
FNDA:0,(anonymous_7)
FNDA:0,(anonymous_8)
FNDA:24,(anonymous_9)
FNDA:2,(anonymous_10)
FNDA:2,(anonymous_11)
FNDA:2,(anonymous_12)
FNDA:1,(anonymous_13)
FNDA:1,(anonymous_14)
FNDA:1,(anonymous_15)
FNDA:4,(anonymous_16)
FNDA:1,(anonymous_17)
FNDA:2,(anonymous_18)
FNDA:4,(anonymous_19)
FNDA:2,(anonymous_20)
FNDA:2,(anonymous_21)
FNDA:200,(anonymous_22)
FNDA:7,(anonymous_23)
FNDA:33,(anonymous_24)
FNDA:0,(anonymous_25)
FNDA:10,(anonymous_26)
FNDA:0,(anonymous_27)
FNDA:0,(anonymous_28)
FNDA:0,(anonymous_29)
FNDA:128,(anonymous_30)
FNDA:0,(anonymous_31)
FNDA:0,(anonymous_32)
FNDA:48,(anonymous_33)
FNDA:0,(anonymous_34)
FNDA:0,(anonymous_35)
FNDA:2,(anonymous_36)
FNDA:4,(anonymous_37)
FNDA:2,(anonymous_38)
FNDA:5,(anonymous_39)
FNDA:10,(anonymous_40)
FNDA:1,(anonymous_41)
DA:40,252
DA:46,2
DA:47,2
DA:49,2
DA:55,2
DA:61,2
DA:63,2
DA:65,2
DA:83,2
DA:84,2
DA:87,2
DA:88,100
DA:89,100
DA:90,100
DA:91,100
DA:92,100
DA:93,100
DA:94,100
DA:95,100
DA:98,100
DA:99,24
DA:100,24
DA:101,24
DA:102,24
DA:104,24
DA:105,24
DA:106,24
DA:108,23
DA:122,23
DA:123,24
DA:124,24
DA:126,0
DA:141,24
DA:143,1
DA:144,1
DA:146,24
DA:149,24
DA:153,100
DA:154,24
DA:155,24
DA:159,100
DA:161,2
DA:162,2
DA:163,2
DA:164,2
DA:167,2
DA:168,2
DA:170,0
DA:176,100
DA:177,1
DA:178,1
DA:179,1
DA:180,1
DA:185,100
DA:186,4
DA:187,4
DA:200,100
DA:201,1
DA:202,1
DA:205,100
DA:206,2
DA:207,2
DA:208,2
DA:209,2
DA:210,2
DA:211,2
DA:212,2
DA:213,2
DA:214,2
DA:215,2
DA:216,4
DA:217,2
DA:218,2
DA:220,2
DA:223,2
DA:224,2
DA:225,2
DA:240,2
DA:241,2
DA:243,2
DA:244,2
DA:246,0
DA:248,2
DA:253,100
DA:259,100
DA:295,200
DA:297,7
DA:357,33
DA:386,0
DA:396,10
DA:410,0
DA:419,0
DA:431,0
DA:436,128
DA:445,0
DA:454,0
DA:458,48
DA:470,0
DA:481,0
DA:546,2
DA:568,4
DA:574,2
DA:616,5
DA:617,5
DA:620,5
DA:621,5
DA:622,5
DA:623,5
DA:675,10
DA:689,1
LF:110
LH:99
BRDA:40,0,0,252
BRDA:102,1,0,24
BRDA:102,1,1,24
BRDA:104,2,0,24
BRDA:104,2,1,24
BRDA:110,3,0,11
BRDA:110,3,1,0
BRDA:111,4,0,11
BRDA:111,4,1,0
BRDA:114,5,0,11
BRDA:114,5,1,0
BRDA:115,6,0,11
BRDA:115,6,1,0
BRDA:117,7,0,11
BRDA:117,7,1,0
BRDA:118,8,0,11
BRDA:118,8,1,0
BRDA:119,9,0,11
BRDA:119,9,1,0
BRDA:120,10,0,11
BRDA:120,10,1,0
BRDA:120,10,2,0
BRDA:122,11,0,23
BRDA:122,11,1,23
BRDA:128,12,0,0
BRDA:128,12,1,0
BRDA:129,13,0,0
BRDA:129,13,1,0
BRDA:130,14,0,0
BRDA:130,14,1,0
BRDA:131,15,0,0
BRDA:131,15,1,0
BRDA:132,16,0,0
BRDA:132,16,1,0
BRDA:133,17,0,0
BRDA:133,17,1,0
BRDA:134,18,0,0
BRDA:134,18,1,0
BRDA:135,19,0,0
BRDA:135,19,1,0
BRDA:136,20,0,0
BRDA:136,20,1,0
BRDA:137,21,0,0
BRDA:137,21,1,0
BRDA:138,22,0,0
BRDA:138,22,1,0
BRDA:143,23,0,1
BRDA:143,23,1,0
BRDA:154,24,0,24
BRDA:154,24,1,19
BRDA:206,25,0,0
BRDA:206,25,1,2
BRDA:206,26,0,2
BRDA:206,26,1,2
BRDA:210,27,0,2
BRDA:210,27,1,0
BRDA:211,28,0,2
BRDA:211,28,1,0
BRDA:212,29,0,2
BRDA:212,29,1,0
BRDA:213,30,0,2
BRDA:213,30,1,0
BRDA:214,31,0,2
BRDA:214,31,1,0
BRDA:215,32,0,2
BRDA:215,32,1,0
BRDA:216,33,0,2
BRDA:216,33,1,0
BRDA:217,34,0,2
BRDA:217,34,1,0
BRDA:225,35,0,2
BRDA:225,35,1,0
BRDA:299,36,0,100
BRDA:299,36,1,100
BRDA:307,37,0,100
BRDA:307,37,1,100
BRDA:321,38,0,100
BRDA:321,38,1,92
BRDA:329,39,0,48
BRDA:329,39,1,44
BRDA:333,40,0,11
BRDA:333,40,1,33
BRDA:367,41,0,33
BRDA:367,41,1,32
BRDA:377,42,0,16
BRDA:377,42,1,17
BRDA:377,43,0,33
BRDA:377,43,1,16
BRDA:495,44,0,2
BRDA:495,44,1,14
BRDA:511,45,0,17
BRDA:511,45,1,0
BRDA:511,46,0,0
BRDA:511,46,1,0
BRDA:511,47,0,0
BRDA:511,47,1,0
BRDA:511,48,0,0
BRDA:511,48,1,0
BRDA:515,49,0,17
BRDA:515,49,1,0
BRDA:515,50,0,17
BRDA:515,50,1,17
BRDA:517,51,0,0
BRDA:517,51,1,0
BRDA:517,51,2,0
BRDA:520,52,0,17
BRDA:520,52,1,0
BRDA:520,53,0,17
BRDA:520,53,1,17
BRDA:522,54,0,0
BRDA:522,54,1,0
BRDA:526,55,0,17
BRDA:526,55,1,0
BRDA:532,56,0,17
BRDA:532,56,1,17
BRDA:535,57,0,17
BRDA:535,57,1,17
BRDA:538,58,0,17
BRDA:538,58,1,17
BRDA:543,59,0,17
BRDA:543,59,1,17
BRDA:546,60,0,1
BRDA:546,60,1,1
BRDA:549,61,0,1
BRDA:549,61,1,16
BRDA:552,62,0,17
BRDA:552,62,1,1
BRDA:593,63,0,100
BRDA:593,63,1,8
BRDA:601,64,0,3
BRDA:601,64,1,5
BRDA:616,65,0,5
BRDA:616,65,1,0
BRDA:617,66,0,5
BRDA:617,66,1,0
BRDA:620,67,0,5
BRDA:620,67,1,0
BRDA:620,68,0,5
BRDA:620,68,1,0
BRDA:621,69,0,5
BRDA:621,69,1,0
BRDA:622,70,0,5
BRDA:622,70,1,0
BRDA:649,71,0,5
BRDA:649,71,1,0
BRDA:649,72,0,5
BRDA:649,72,1,5
BRDA:651,73,0,0
BRDA:651,73,1,0
BRDA:651,73,2,0
BRDA:664,74,0,5
BRDA:664,74,1,5
BRDA:664,74,2,5
BRDA:667,75,0,5
BRDA:667,75,1,5
BRDA:672,76,0,5
BRDA:672,76,1,5
BRDA:677,77,0,5
BRDA:677,77,1,0
BRDA:683,78,0,5
BRDA:683,78,1,5
BRDA:700,79,0,5
BRDA:700,79,1,0
BRDA:701,80,0,5
BRDA:701,80,1,0
BRDA:702,81,0,5
BRDA:702,81,1,0
BRDA:703,82,0,5
BRDA:703,82,1,0
BRDA:705,83,0,5
BRDA:705,83,1,0
BRF:171
BRH:98
end_of_record
TN:
SF:src/pages/login.css
FNF:0
FNH:0
LF:0
LH:0
BRF:0
BRH:0
end_of_record
TN:
SF:src/pages/profile.css
FNF:0
FNH:0
LF:0
LH:0
BRF:0
BRH:0
end_of_record
