<?xml version="1.0" encoding="UTF-8" ?>
<testsuites name="vitest tests" tests="29" failures="2" errors="0" time="1.349645875">
    <testsuite name="src/pages/__tests__/Profile.test.tsx" timestamp="2026-03-04T00:42:13.533Z" hostname="Baruns-MacBook-Air.local" tests="29" failures="2" errors="0" skipped="0" time="1.349645875">
        <testcase classname="src/pages/__tests__/Profile.test.tsx" name="Profile &gt; shows loading state then renders profile after fetch" time="0.045574">
            <system-err>
⚠️ React Router Future Flag Warning: React Router will begin wrapping state updates in `React.startTransition` in v7. You can use the `v7_startTransition` future flag to opt-in early. For more information, see https://reactrouter.com/v6/upgrading/future#v7_starttransition.
⚠️ React Router Future Flag Warning: Relative route resolution within Splat routes is changing in v7. You can use the `v7_relativeSplatPath` future flag to opt-in early. For more information, see https://reactrouter.com/v6/upgrading/future#v7_relativesplatpath.

            </system-err>
        </testcase>
        <testcase classname="src/pages/__tests__/Profile.test.tsx" name="Profile &gt; fetches profile from GET /users/me on mount" time="0.009626125">
        </testcase>
        <testcase classname="src/pages/__tests__/Profile.test.tsx" name="Profile &gt; renders the profile page with username from API" time="0.008345917">
        </testcase>
        <testcase classname="src/pages/__tests__/Profile.test.tsx" name="Profile &gt; displays the user email from API" time="0.009542333">
        </testcase>
        <testcase classname="src/pages/__tests__/Profile.test.tsx" name="Profile &gt; renders all profile field labels" time="0.011349375">
        </testcase>
        <testcase classname="src/pages/__tests__/Profile.test.tsx" name="Profile &gt; displays travel stats in the banner" time="0.008296667">
        </testcase>
        <testcase classname="src/pages/__tests__/Profile.test.tsx" name="Profile &gt; displays bio from API" time="0.007945292">
        </testcase>
        <testcase classname="src/pages/__tests__/Profile.test.tsx" name="Profile &gt; displays location from API" time="0.007233042">
        </testcase>
        <testcase classname="src/pages/__tests__/Profile.test.tsx" name="Profile &gt; displays interests from API" time="0.007094583">
        </testcase>
        <testcase classname="src/pages/__tests__/Profile.test.tsx" name="Profile &gt; shows placeholder text for empty fields" time="0.009571375">
        </testcase>
        <testcase classname="src/pages/__tests__/Profile.test.tsx" name="Profile &gt; enters edit mode for username and saves via API" time="0.204780542">
        </testcase>
        <testcase classname="src/pages/__tests__/Profile.test.tsx" name="Profile &gt; cancels username editing" time="0.054486417">
        </testcase>
        <testcase classname="src/pages/__tests__/Profile.test.tsx" name="Profile &gt; enters edit mode for email and shows input with current value" time="0.024468334">
        </testcase>
        <testcase classname="src/pages/__tests__/Profile.test.tsx" name="Profile &gt; saves email via PUT /users/me" time="0.053487">
        </testcase>
        <testcase classname="src/pages/__tests__/Profile.test.tsx" name="Profile &gt; enters edit mode for location and saves via API" time="0.110866042">
        </testcase>
        <testcase classname="src/pages/__tests__/Profile.test.tsx" name="Profile &gt; enters edit mode for date of birth" time="0.022171917">
        </testcase>
        <testcase classname="src/pages/__tests__/Profile.test.tsx" name="Profile &gt; enters edit mode for bio and saves via API" time="0.055801542">
        </testcase>
        <testcase classname="src/pages/__tests__/Profile.test.tsx" name="Profile &gt; cancels bio editing" time="0.047290333">
        </testcase>
        <testcase classname="src/pages/__tests__/Profile.test.tsx" name="Profile &gt; enters interest editing mode" time="0.037439542">
        </testcase>
        <testcase classname="src/pages/__tests__/Profile.test.tsx" name="Profile &gt; adds a custom interest via typing" time="0.192526625">
        </testcase>
        <testcase classname="src/pages/__tests__/Profile.test.tsx" name="Profile &gt; adds an interest from the dropdown list" time="0.082614416">
        </testcase>
        <testcase classname="src/pages/__tests__/Profile.test.tsx" name="Profile &gt; removes an interest" time="0.141246958">
            <failure message="act is not defined" type="ReferenceError">
ReferenceError: act is not defined
 ❯ src/pages/__tests__/Profile.test.tsx:290:5
            </failure>
        </testcase>
        <testcase classname="src/pages/__tests__/Profile.test.tsx" name="Profile &gt; saves interests via PUT /users/me" time="0.100614708">
            <failure message="act is not defined" type="ReferenceError">
ReferenceError: act is not defined
 ❯ src/pages/__tests__/Profile.test.tsx:309:5
            </failure>
        </testcase>
        <testcase classname="src/pages/__tests__/Profile.test.tsx" name="Profile &gt; opens profile picture menu on click" time="0.023128375">
        </testcase>
        <testcase classname="src/pages/__tests__/Profile.test.tsx" name="Profile &gt; logs out, clears localStorage, and navigates to home" time="0.029946333">
        </testcase>
        <testcase classname="src/pages/__tests__/Profile.test.tsx" name="Profile &gt; settings dropdown has Dashboard, My Trips, and Explore links" time="0.020796209">
        </testcase>
        <testcase classname="src/pages/__tests__/Profile.test.tsx" name="Profile &gt; renders Back to Dashboard link" time="0.008061709">
        </testcase>
        <testcase classname="src/pages/__tests__/Profile.test.tsx" name="Profile &gt; redirects to login on 401 error" time="0.006266417">
        </testcase>
        <testcase classname="src/pages/__tests__/Profile.test.tsx" name="Profile &gt; shows error message on API failure" time="0.007515834">
        </testcase>
    </testsuite>
</testsuites>
